# JRE version: Java(TM) SE Runtime Environment (8.0_161-b12) (build 1.8.0_161-b12)
# Java VM: Java HotSpot(TM) 64-Bit Server VM (25.161-b12 mixed mode windows-amd64 compressed oops)
Heap:
 PSYoungGen      total 492032K, used 330689K [0x00000000d5c00000, 0x00000000fe100000, 0x0000000100000000)
  eden space 475648K, 66% used [0x00000000d5c00000,0x00000000e8ef5558,0x00000000f2c80000)
  from space 16384K, 99% used [0x00000000f2c80000,0x00000000f3c7aec8,0x00000000f3c80000)
  to   space 22528K, 0% used [0x00000000fcb00000,0x00000000fcb00000,0x00000000fe100000)
 ParOldGen       total 104960K, used 45124K [0x0000000081400000, 0x0000000087a80000, 0x00000000d5c00000)
  object space 104960K, 42% used [0x0000000081400000,0x00000000840111f0,0x0000000087a80000)
 Metaspace       used 83699K, capacity 86542K, committed 86656K, reserved 1124352K
  class space    used 10624K, capacity 11135K, committed 11136K, reserved 1048576K
GC Heap History (10 events):
Event: 14.443 GC heap before
{Heap before GC invocations=12 (full 2):
 PSYoungGen      total 355840K, used 8758K [0x00000000d5c00000, 0x00000000ee300000, 0x0000000100000000)
  eden space 344064K, 0% used [0x00000000d5c00000,0x00000000d5c00000,0x00000000eac00000)
  from space 11776K, 74% used [0x00000000eb800000,0x00000000ec08d860,0x00000000ec380000)
  to   space 12288K, 0% used [0x00000000eac00000,0x00000000eac00000,0x00000000eb800000)
 ParOldGen       total 49152K, used 10507K [0x0000000081400000, 0x0000000084400000, 0x00000000d5c00000)
  object space 49152K, 21% used [0x0000000081400000,0x0000000081e42d40,0x0000000084400000)
 Metaspace       used 34266K, capacity 35298K, committed 35416K, reserved 1081344K
  class space    used 4265K, capacity 4517K, committed 4608K, reserved 1048576K
Event: 14.527 GC heap after
Heap after GC invocations=12 (full 2):
 PSYoungGen      total 355840K, used 0K [0x00000000d5c00000, 0x00000000ee300000, 0x0000000100000000)
  eden space 344064K, 0% used [0x00000000d5c00000,0x00000000d5c00000,0x00000000eac00000)
  from space 11776K, 0% used [0x00000000eb800000,0x00000000eb800000,0x00000000ec380000)
  to   space 12288K, 0% used [0x00000000eac00000,0x00000000eac00000,0x00000000eb800000)
 ParOldGen       total 71680K, used 16671K [0x0000000081400000, 0x0000000085a00000, 0x00000000d5c00000)
  object space 71680K, 23% used [0x0000000081400000,0x0000000082447fc8,0x0000000085a00000)
 Metaspace       used 34266K, capacity 35298K, committed 35416K, reserved 1081344K
  class space    used 4265K, capacity 4517K, committed 4608K, reserved 1048576K
}
Event: 25.662 GC heap before
{Heap before GC invocations=13 (full 2):
 PSYoungGen      total 355840K, used 344064K [0x00000000d5c00000, 0x00000000ee300000, 0x0000000100000000)
  eden space 344064K, 100% used [0x00000000d5c00000,0x00000000eac00000,0x00000000eac00000)
  from space 11776K, 0% used [0x00000000eb800000,0x00000000eb800000,0x00000000ec380000)
  to   space 12288K, 0% used [0x00000000eac00000,0x00000000eac00000,0x00000000eb800000)
 ParOldGen       total 71680K, used 16671K [0x0000000081400000, 0x0000000085a00000, 0x00000000d5c00000)
  object space 71680K, 23% used [0x0000000081400000,0x0000000082447fc8,0x0000000085a00000)
 Metaspace       used 46106K, capacity 47758K, committed 48000K, reserved 1091584K
  class space    used 5897K, capacity 6233K, committed 6272K, reserved 1048576K
Event: 25.690 GC heap after
Heap after GC invocations=13 (full 2):
 PSYoungGen      total 356352K, used 12285K [0x00000000d5c00000, 0x00000000f4e80000, 0x0000000100000000)
  eden space 344064K, 0% used [0x00000000d5c00000,0x00000000d5c00000,0x00000000eac00000)
  from space 12288K, 99% used [0x00000000eac00000,0x00000000eb7ff690,0x00000000eb800000)
  to   space 15360K, 0% used [0x00000000f3f80000,0x00000000f3f80000,0x00000000f4e80000)
 ParOldGen       total 71680K, used 20544K [0x0000000081400000, 0x0000000085a00000, 0x00000000d5c00000)
  object space 71680K, 28% used [0x0000000081400000,0x0000000082810198,0x0000000085a00000)
 Metaspace       used 46106K, capacity 47758K, committed 48000K, reserved 1091584K
  class space    used 5897K, capacity 6233K, committed 6272K, reserved 1048576K
}
Event: 42.565 GC heap before
{Heap before GC invocations=14 (full 2):
 PSYoungGen      total 356352K, used 232196K [0x00000000d5c00000, 0x00000000f4e80000, 0x0000000100000000)
  eden space 344064K, 63% used [0x00000000d5c00000,0x00000000e32c1b68,0x00000000eac00000)
  from space 12288K, 99% used [0x00000000eac00000,0x00000000eb7ff690,0x00000000eb800000)
  to   space 15360K, 0% used [0x00000000f3f80000,0x00000000f3f80000,0x00000000f4e80000)
 ParOldGen       total 71680K, used 20544K [0x0000000081400000, 0x0000000085a00000, 0x00000000d5c00000)
  object space 71680K, 28% used [0x0000000081400000,0x0000000082810198,0x0000000085a00000)
 Metaspace       used 56911K, capacity 58728K, committed 59028K, reserved 1101824K
  class space    used 7287K, capacity 7654K, committed 7680K, reserved 1048576K
Event: 42.589 GC heap after
Heap after GC invocations=14 (full 2):
 PSYoungGen      total 480768K, used 12990K [0x00000000d5c00000, 0x00000000f4c80000, 0x0000000100000000)
  eden space 467456K, 0% used [0x00000000d5c00000,0x00000000d5c00000,0x00000000f2480000)
  from space 13312K, 97% used [0x00000000f3f80000,0x00000000f4c2fad8,0x00000000f4c80000)
  to   space 16384K, 0% used [0x00000000f2c80000,0x00000000f2c80000,0x00000000f3c80000)
 ParOldGen       total 71680K, used 28495K [0x0000000081400000, 0x0000000085a00000, 0x00000000d5c00000)
  object space 71680K, 39% used [0x0000000081400000,0x0000000082fd3ed8,0x0000000085a00000)
 Metaspace       used 56911K, capacity 58728K, committed 59028K, reserved 1101824K
  class space    used 7287K, capacity 7654K, committed 7680K, reserved 1048576K
}
Event: 42.589 GC heap before
{Heap before GC invocations=15 (full 3):
 PSYoungGen      total 480768K, used 12990K [0x00000000d5c00000, 0x00000000f4c80000, 0x0000000100000000)
  eden space 467456K, 0% used [0x00000000d5c00000,0x00000000d5c00000,0x00000000f2480000)
  from space 13312K, 97% used [0x00000000f3f80000,0x00000000f4c2fad8,0x00000000f4c80000)
  to   space 16384K, 0% used [0x00000000f2c80000,0x00000000f2c80000,0x00000000f3c80000)
 ParOldGen       total 71680K, used 28495K [0x0000000081400000, 0x0000000085a00000, 0x00000000d5c00000)
  object space 71680K, 39% used [0x0000000081400000,0x0000000082fd3ed8,0x0000000085a00000)
 Metaspace       used 56911K, capacity 58728K, committed 59028K, reserved 1101824K
  class space    used 7287K, capacity 7654K, committed 7680K, reserved 1048576K
Event: 42.870 GC heap after
Heap after GC invocations=15 (full 3):
 PSYoungGen      total 480768K, used 0K [0x00000000d5c00000, 0x00000000f4c80000, 0x0000000100000000)
  eden space 467456K, 0% used [0x00000000d5c00000,0x00000000d5c00000,0x00000000f2480000)
  from space 13312K, 0% used [0x00000000f3f80000,0x00000000f3f80000,0x00000000f4c80000)
  to   space 16384K, 0% used [0x00000000f2c80000,0x00000000f2c80000,0x00000000f3c80000)
 ParOldGen       total 104960K, used 33985K [0x0000000081400000, 0x0000000087a80000, 0x00000000d5c00000)
  object space 104960K, 32% used [0x0000000081400000,0x00000000835306f8,0x0000000087a80000)
 Metaspace       used 56911K, capacity 58728K, committed 59028K, reserved 1101824K
  class space    used 7287K, capacity 7654K, committed 7680K, reserved 1048576K
}
Event: 56.325 GC heap before
{Heap before GC invocations=16 (full 3):
 PSYoungGen      total 480768K, used 467456K [0x00000000d5c00000, 0x00000000f4c80000, 0x0000000100000000)
  eden space 467456K, 100% used [0x00000000d5c00000,0x00000000f2480000,0x00000000f2480000)
  from space 13312K, 0% used [0x00000000f3f80000,0x00000000f3f80000,0x00000000f4c80000)
  to   space 16384K, 0% used [0x00000000f2c80000,0x00000000f2c80000,0x00000000f3c80000)
 ParOldGen       total 104960K, used 33985K [0x0000000081400000, 0x0000000087a80000, 0x00000000d5c00000)
  object space 104960K, 32% used [0x0000000081400000,0x00000000835306f8,0x0000000087a80000)
 Metaspace       used 76401K, capacity 79056K, committed 79232K, reserved 1118208K
  class space    used 9804K, capacity 10276K, committed 10368K, reserved 1048576K
Event: 56.364 GC heap after
Heap after GC invocations=16 (full 3):
 PSYoungGen      total 492032K, used 16363K [0x00000000d5c00000, 0x00000000fe100000, 0x0000000100000000)
  eden space 475648K, 0% used [0x00000000d5c00000,0x00000000d5c00000,0x00000000f2c80000)
  from space 16384K, 99% used [0x00000000f2c80000,0x00000000f3c7aec8,0x00000000f3c80000)
  to   space 22528K, 0% used [0x00000000fcb00000,0x00000000fcb00000,0x00000000fe100000)
 ParOldGen       total 104960K, used 45124K [0x0000000081400000, 0x0000000087a80000, 0x00000000d5c00000)
  object space 104960K, 42% used [0x0000000081400000,0x00000000840111f0,0x0000000087a80000)
 Metaspace       used 76401K, capacity 79056K, committed 79232K, reserved 1118208K
  class space    used 9804K, capacity 10276K, committed 10368K, reserved 1048576K
}

