# JRE version: Java(TM) SE Runtime Environment (8.0_161-b12) (build 1.8.0_161-b12)
# Java VM: Java HotSpot(TM) 64-Bit Server VM (25.161-b12 mixed mode windows-amd64 compressed oops)
Heap:
 PSYoungGen      total 275456K, used 173888K [0x00000000d5c00000, 0x00000000ed880000, 0x0000000100000000)
  eden space 264192K, 61% used [0x00000000d5c00000,0x00000000dfad2240,0x00000000e5e00000)
  from space 11264K, 99% used [0x00000000e5e00000,0x00000000e68fe088,0x00000000e6900000)
  to   space 13312K, 0% used [0x00000000ecb80000,0x00000000ecb80000,0x00000000ed880000)
 ParOldGen       total 73216K, used 16184K [0x0000000081400000, 0x0000000085b80000, 0x00000000d5c00000)
  object space 73216K, 22% used [0x0000000081400000,0x00000000823ce2b8,0x0000000085b80000)
 Metaspace       used 52337K, capacity 54086K, committed 54656K, reserved 1097728K
  class space    used 6609K, capacity 6925K, committed 7040K, reserved 1048576K
GC Heap History (10 events):
Event: 17.375 GC heap before
{Heap before GC invocations=11 (full 1):
 PSYoungGen      total 140288K, used 140123K [0x00000000d5c00000, 0x00000000e2b00000, 0x0000000100000000)
  eden space 132096K, 99% used [0x00000000d5c00000,0x00000000ddcfe240,0x00000000ddd00000)
  from space 8192K, 98% used [0x00000000ddd00000,0x00000000de4d8aa8,0x00000000de500000)
  to   space 9216K, 0% used [0x00000000e2200000,0x00000000e2200000,0x00000000e2b00000)
 ParOldGen       total 48128K, used 5537K [0x0000000081400000, 0x0000000084300000, 0x00000000d5c00000)
  object space 48128K, 11% used [0x0000000081400000,0x0000000081968418,0x0000000084300000)
 Metaspace       used 28680K, capacity 29448K, committed 29696K, reserved 1075200K
  class space    used 3548K, capacity 3750K, committed 3840K, reserved 1048576K
Event: 17.392 GC heap after
Heap after GC invocations=11 (full 1):
 PSYoungGen      total 197632K, used 8140K [0x00000000d5c00000, 0x00000000e2a00000, 0x0000000100000000)
  eden space 189440K, 0% used [0x00000000d5c00000,0x00000000d5c00000,0x00000000e1500000)
  from space 8192K, 99% used [0x00000000e2200000,0x00000000e29f32c8,0x00000000e2a00000)
  to   space 9728K, 0% used [0x00000000e1700000,0x00000000e1700000,0x00000000e2080000)
 ParOldGen       total 48128K, used 5545K [0x0000000081400000, 0x0000000084300000, 0x00000000d5c00000)
  object space 48128K, 11% used [0x0000000081400000,0x000000008196a418,0x0000000084300000)
 Metaspace       used 28680K, capacity 29448K, committed 29696K, reserved 1075200K
  class space    used 3548K, capacity 3750K, committed 3840K, reserved 1048576K
}
Event: 26.990 GC heap before
{Heap before GC invocations=12 (full 1):
 PSYoungGen      total 197632K, used 197580K [0x00000000d5c00000, 0x00000000e2a00000, 0x0000000100000000)
  eden space 189440K, 100% used [0x00000000d5c00000,0x00000000e1500000,0x00000000e1500000)
  from space 8192K, 99% used [0x00000000e2200000,0x00000000e29f32c8,0x00000000e2a00000)
  to   space 9728K, 0% used [0x00000000e1700000,0x00000000e1700000,0x00000000e2080000)
 ParOldGen       total 48128K, used 5545K [0x0000000081400000, 0x0000000084300000, 0x00000000d5c00000)
  object space 48128K, 11% used [0x0000000081400000,0x000000008196a418,0x0000000084300000)
 Metaspace       used 33816K, capacity 34872K, committed 34944K, reserved 1079296K
  class space    used 4214K, capacity 4458K, committed 4480K, reserved 1048576K
Event: 27.008 GC heap after
Heap after GC invocations=12 (full 1):
 PSYoungGen      total 201216K, used 8419K [0x00000000d5c00000, 0x00000000e7380000, 0x0000000100000000)
  eden space 191488K, 0% used [0x00000000d5c00000,0x00000000d5c00000,0x00000000e1700000)
  from space 9728K, 86% used [0x00000000e1700000,0x00000000e1f38f10,0x00000000e2080000)
  to   space 10752K, 0% used [0x00000000e6900000,0x00000000e6900000,0x00000000e7380000)
 ParOldGen       total 48128K, used 11079K [0x0000000081400000, 0x0000000084300000, 0x00000000d5c00000)
  object space 48128K, 23% used [0x0000000081400000,0x0000000081ed1f30,0x0000000084300000)
 Metaspace       used 33816K, capacity 34872K, committed 34944K, reserved 1079296K
  class space    used 4214K, capacity 4458K, committed 4480K, reserved 1048576K
}
Event: 27.447 GC heap before
{Heap before GC invocations=13 (full 1):
 PSYoungGen      total 201216K, used 20492K [0x00000000d5c00000, 0x00000000e7380000, 0x0000000100000000)
  eden space 191488K, 6% used [0x00000000d5c00000,0x00000000d67ca448,0x00000000e1700000)
  from space 9728K, 86% used [0x00000000e1700000,0x00000000e1f38f10,0x00000000e2080000)
  to   space 10752K, 0% used [0x00000000e6900000,0x00000000e6900000,0x00000000e7380000)
 ParOldGen       total 48128K, used 11079K [0x0000000081400000, 0x0000000084300000, 0x00000000d5c00000)
  object space 48128K, 23% used [0x0000000081400000,0x0000000081ed1f30,0x0000000084300000)
 Metaspace       used 34246K, capacity 35276K, committed 35416K, reserved 1081344K
  class space    used 4269K, capacity 4526K, committed 4608K, reserved 1048576K
Event: 27.454 GC heap after
Heap after GC invocations=13 (full 1):
 PSYoungGen      total 274944K, used 721K [0x00000000d5c00000, 0x00000000e7480000, 0x0000000100000000)
  eden space 264192K, 0% used [0x00000000d5c00000,0x00000000d5c00000,0x00000000e5e00000)
  from space 10752K, 6% used [0x00000000e6900000,0x00000000e69b4400,0x00000000e7380000)
  to   space 11264K, 0% used [0x00000000e5e00000,0x00000000e5e00000,0x00000000e6900000)
 ParOldGen       total 48128K, used 14927K [0x0000000081400000, 0x0000000084300000, 0x00000000d5c00000)
  object space 48128K, 31% used [0x0000000081400000,0x0000000082293f78,0x0000000084300000)
 Metaspace       used 34246K, capacity 35276K, committed 35416K, reserved 1081344K
  class space    used 4269K, capacity 4526K, committed 4608K, reserved 1048576K
}
Event: 27.454 GC heap before
{Heap before GC invocations=14 (full 2):
 PSYoungGen      total 274944K, used 721K [0x00000000d5c00000, 0x00000000e7480000, 0x0000000100000000)
  eden space 264192K, 0% used [0x00000000d5c00000,0x00000000d5c00000,0x00000000e5e00000)
  from space 10752K, 6% used [0x00000000e6900000,0x00000000e69b4400,0x00000000e7380000)
  to   space 11264K, 0% used [0x00000000e5e00000,0x00000000e5e00000,0x00000000e6900000)
 ParOldGen       total 48128K, used 14927K [0x0000000081400000, 0x0000000084300000, 0x00000000d5c00000)
  object space 48128K, 31% used [0x0000000081400000,0x0000000082293f78,0x0000000084300000)
 Metaspace       used 34246K, capacity 35276K, committed 35416K, reserved 1081344K
  class space    used 4269K, capacity 4526K, committed 4608K, reserved 1048576K
Event: 27.648 GC heap after
Heap after GC invocations=14 (full 2):
 PSYoungGen      total 274944K, used 0K [0x00000000d5c00000, 0x00000000e7480000, 0x0000000100000000)
  eden space 264192K, 0% used [0x00000000d5c00000,0x00000000d5c00000,0x00000000e5e00000)
  from space 10752K, 0% used [0x00000000e6900000,0x00000000e6900000,0x00000000e7380000)
  to   space 11264K, 0% used [0x00000000e5e00000,0x00000000e5e00000,0x00000000e6900000)
 ParOldGen       total 73216K, used 14933K [0x0000000081400000, 0x0000000085b80000, 0x00000000d5c00000)
  object space 73216K, 20% used [0x0000000081400000,0x0000000082295538,0x0000000085b80000)
 Metaspace       used 34246K, capacity 35276K, committed 35416K, reserved 1081344K
  class space    used 4269K, capacity 4526K, committed 4608K, reserved 1048576K
}
Event: 35.408 GC heap before
{Heap before GC invocations=15 (full 2):
 PSYoungGen      total 274944K, used 264192K [0x00000000d5c00000, 0x00000000e7480000, 0x0000000100000000)
  eden space 264192K, 100% used [0x00000000d5c00000,0x00000000e5e00000,0x00000000e5e00000)
  from space 10752K, 0% used [0x00000000e6900000,0x00000000e6900000,0x00000000e7380000)
  to   space 11264K, 0% used [0x00000000e5e00000,0x00000000e5e00000,0x00000000e6900000)
 ParOldGen       total 73216K, used 14933K [0x0000000081400000, 0x0000000085b80000, 0x00000000d5c00000)
  object space 73216K, 20% used [0x0000000081400000,0x0000000082295538,0x0000000085b80000)
 Metaspace       used 43125K, capacity 44756K, committed 45184K, reserved 1089536K
  class space    used 5339K, capacity 5644K, committed 5760K, reserved 1048576K
Event: 35.454 GC heap after
Heap after GC invocations=15 (full 2):
 PSYoungGen      total 275456K, used 11256K [0x00000000d5c00000, 0x00000000ed880000, 0x0000000100000000)
  eden space 264192K, 0% used [0x00000000d5c00000,0x00000000d5c00000,0x00000000e5e00000)
  from space 11264K, 99% used [0x00000000e5e00000,0x00000000e68fe088,0x00000000e6900000)
  to   space 13312K, 0% used [0x00000000ecb80000,0x00000000ecb80000,0x00000000ed880000)
 ParOldGen       total 73216K, used 16184K [0x0000000081400000, 0x0000000085b80000, 0x00000000d5c00000)
  object space 73216K, 22% used [0x0000000081400000,0x00000000823ce2b8,0x0000000085b80000)
 Metaspace       used 43125K, capacity 44756K, committed 45184K, reserved 1089536K
  class space    used 5339K, capacity 5644K, committed 5760K, reserved 1048576K
}

