# JRE version: Java(TM) SE Runtime Environment (8.0_161-b12) (build 1.8.0_161-b12)
# Java VM: Java HotSpot(TM) 64-Bit Server VM (25.161-b12 mixed mode windows-amd64 compressed oops)
Heap:
 PSYoungGen      total 304128K, used 46677K [0x00000000d5c00000, 0x00000000e9c80000, 0x0000000100000000)
  eden space 293888K, 12% used [0x00000000d5c00000,0x00000000d7f9c468,0x00000000e7b00000)
  from space 10240K, 99% used [0x00000000e7b00000,0x00000000e84f9210,0x00000000e8500000)
  to   space 9728K, 0% used [0x00000000e8500000,0x00000000e8500000,0x00000000e8e80000)
 ParOldGen       total 63488K, used 17873K [0x0000000081400000, 0x0000000085200000, 0x00000000d5c00000)
  object space 63488K, 28% used [0x0000000081400000,0x00000000825745d8,0x0000000085200000)
 Metaspace       used 45302K, capacity 46884K, committed 47232K, reserved 1091584K
  class space    used 5707K, capacity 6002K, committed 6016K, reserved 1048576K
GC Heap History (10 events):
Event: 20.032 GC heap before
{Heap before GC invocations=11 (full 1):
 PSYoungGen      total 140288K, used 140260K [0x00000000d5c00000, 0x00000000e2f80000, 0x0000000100000000)
  eden space 133120K, 100% used [0x00000000d5c00000,0x00000000dde00000,0x00000000dde00000)
  from space 7168K, 99% used [0x00000000dde00000,0x00000000de4f91f0,0x00000000de500000)
  to   space 8192K, 0% used [0x00000000e2780000,0x00000000e2780000,0x00000000e2f80000)
 ParOldGen       total 46592K, used 7167K [0x0000000081400000, 0x0000000084180000, 0x00000000d5c00000)
  object space 46592K, 15% used [0x0000000081400000,0x0000000081affd48,0x0000000084180000)
 Metaspace       used 29126K, capacity 29880K, committed 29952K, reserved 1075200K
  class space    used 3596K, capacity 3782K, committed 3840K, reserved 1048576K
Event: 20.050 GC heap after
Heap after GC invocations=11 (full 1):
 PSYoungGen      total 207360K, used 8029K [0x00000000d5c00000, 0x00000000e2f80000, 0x0000000100000000)
  eden space 199168K, 0% used [0x00000000d5c00000,0x00000000d5c00000,0x00000000e1e80000)
  from space 8192K, 98% used [0x00000000e2780000,0x00000000e2f57728,0x00000000e2f80000)
  to   space 8704K, 0% used [0x00000000e1e80000,0x00000000e1e80000,0x00000000e2700000)
 ParOldGen       total 46592K, used 7186K [0x0000000081400000, 0x0000000084180000, 0x00000000d5c00000)
  object space 46592K, 15% used [0x0000000081400000,0x0000000081b04998,0x0000000084180000)
 Metaspace       used 29126K, capacity 29880K, committed 29952K, reserved 1075200K
  class space    used 3596K, capacity 3782K, committed 3840K, reserved 1048576K
}
Event: 23.282 GC heap before
{Heap before GC invocations=12 (full 1):
 PSYoungGen      total 207360K, used 207197K [0x00000000d5c00000, 0x00000000e2f80000, 0x0000000100000000)
  eden space 199168K, 100% used [0x00000000d5c00000,0x00000000e1e80000,0x00000000e1e80000)
  from space 8192K, 98% used [0x00000000e2780000,0x00000000e2f57728,0x00000000e2f80000)
  to   space 8704K, 0% used [0x00000000e1e80000,0x00000000e1e80000,0x00000000e2700000)
 ParOldGen       total 46592K, used 7186K [0x0000000081400000, 0x0000000084180000, 0x00000000d5c00000)
  object space 46592K, 15% used [0x0000000081400000,0x0000000081b04998,0x0000000084180000)
 Metaspace       used 34185K, capacity 35190K, committed 35328K, reserved 1079296K
  class space    used 4254K, capacity 4483K, committed 4608K, reserved 1048576K
Event: 23.297 GC heap after
Heap after GC invocations=12 (full 1):
 PSYoungGen      total 207872K, used 8211K [0x00000000d5c00000, 0x00000000e8e80000, 0x0000000100000000)
  eden space 199168K, 0% used [0x00000000d5c00000,0x00000000d5c00000,0x00000000e1e80000)
  from space 8704K, 94% used [0x00000000e1e80000,0x00000000e2684fd0,0x00000000e2700000)
  to   space 9728K, 0% used [0x00000000e8500000,0x00000000e8500000,0x00000000e8e80000)
 ParOldGen       total 46592K, used 12514K [0x0000000081400000, 0x0000000084180000, 0x00000000d5c00000)
  object space 46592K, 26% used [0x0000000081400000,0x0000000082038850,0x0000000084180000)
 Metaspace       used 34185K, capacity 35190K, committed 35328K, reserved 1079296K
  class space    used 4254K, capacity 4483K, committed 4608K, reserved 1048576K
}
Event: 23.353 GC heap before
{Heap before GC invocations=13 (full 1):
 PSYoungGen      total 207872K, used 14262K [0x00000000d5c00000, 0x00000000e8e80000, 0x0000000100000000)
  eden space 199168K, 3% used [0x00000000d5c00000,0x00000000d61e8988,0x00000000e1e80000)
  from space 8704K, 94% used [0x00000000e1e80000,0x00000000e2684fd0,0x00000000e2700000)
  to   space 9728K, 0% used [0x00000000e8500000,0x00000000e8500000,0x00000000e8e80000)
 ParOldGen       total 46592K, used 12514K [0x0000000081400000, 0x0000000084180000, 0x00000000d5c00000)
  object space 46592K, 26% used [0x0000000081400000,0x0000000082038850,0x0000000084180000)
 Metaspace       used 34293K, capacity 35310K, committed 35416K, reserved 1081344K
  class space    used 4268K, capacity 4519K, committed 4608K, reserved 1048576K
Event: 23.358 GC heap after
Heap after GC invocations=13 (full 1):
 PSYoungGen      total 303616K, used 352K [0x00000000d5c00000, 0x00000000e9c80000, 0x0000000100000000)
  eden space 293888K, 0% used [0x00000000d5c00000,0x00000000d5c00000,0x00000000e7b00000)
  from space 9728K, 3% used [0x00000000e8500000,0x00000000e8558000,0x00000000e8e80000)
  to   space 10240K, 0% used [0x00000000e7b00000,0x00000000e7b00000,0x00000000e8500000)
 ParOldGen       total 46592K, used 16186K [0x0000000081400000, 0x0000000084180000, 0x00000000d5c00000)
  object space 46592K, 34% used [0x0000000081400000,0x00000000823ce858,0x0000000084180000)
 Metaspace       used 34293K, capacity 35310K, committed 35416K, reserved 1081344K
  class space    used 4268K, capacity 4519K, committed 4608K, reserved 1048576K
}
Event: 23.358 GC heap before
{Heap before GC invocations=14 (full 2):
 PSYoungGen      total 303616K, used 352K [0x00000000d5c00000, 0x00000000e9c80000, 0x0000000100000000)
  eden space 293888K, 0% used [0x00000000d5c00000,0x00000000d5c00000,0x00000000e7b00000)
  from space 9728K, 3% used [0x00000000e8500000,0x00000000e8558000,0x00000000e8e80000)
  to   space 10240K, 0% used [0x00000000e7b00000,0x00000000e7b00000,0x00000000e8500000)
 ParOldGen       total 46592K, used 16186K [0x0000000081400000, 0x0000000084180000, 0x00000000d5c00000)
  object space 46592K, 34% used [0x0000000081400000,0x00000000823ce858,0x0000000084180000)
 Metaspace       used 34293K, capacity 35310K, committed 35416K, reserved 1081344K
  class space    used 4268K, capacity 4519K, committed 4608K, reserved 1048576K
Event: 23.454 GC heap after
Heap after GC invocations=14 (full 2):
 PSYoungGen      total 303616K, used 0K [0x00000000d5c00000, 0x00000000e9c80000, 0x0000000100000000)
  eden space 293888K, 0% used [0x00000000d5c00000,0x00000000d5c00000,0x00000000e7b00000)
  from space 9728K, 0% used [0x00000000e8500000,0x00000000e8500000,0x00000000e8e80000)
  to   space 10240K, 0% used [0x00000000e7b00000,0x00000000e7b00000,0x00000000e8500000)
 ParOldGen       total 63488K, used 14508K [0x0000000081400000, 0x0000000085200000, 0x00000000d5c00000)
  object space 63488K, 22% used [0x0000000081400000,0x000000008222b140,0x0000000085200000)
 Metaspace       used 34293K, capacity 35310K, committed 35416K, reserved 1081344K
  class space    used 4268K, capacity 4519K, committed 4608K, reserved 1048576K
}
Event: 27.716 GC heap before
{Heap before GC invocations=15 (full 2):
 PSYoungGen      total 303616K, used 293888K [0x00000000d5c00000, 0x00000000e9c80000, 0x0000000100000000)
  eden space 293888K, 100% used [0x00000000d5c00000,0x00000000e7b00000,0x00000000e7b00000)
  from space 9728K, 0% used [0x00000000e8500000,0x00000000e8500000,0x00000000e8e80000)
  to   space 10240K, 0% used [0x00000000e7b00000,0x00000000e7b00000,0x00000000e8500000)
 ParOldGen       total 63488K, used 14508K [0x0000000081400000, 0x0000000085200000, 0x00000000d5c00000)
  object space 63488K, 22% used [0x0000000081400000,0x000000008222b140,0x0000000085200000)
 Metaspace       used 44068K, capacity 45712K, committed 46080K, reserved 1089536K
  class space    used 5482K, capacity 5806K, committed 5888K, reserved 1048576K
Event: 27.739 GC heap after
Heap after GC invocations=15 (full 2):
 PSYoungGen      total 304128K, used 10212K [0x00000000d5c00000, 0x00000000e9c80000, 0x0000000100000000)
  eden space 293888K, 0% used [0x00000000d5c00000,0x00000000d5c00000,0x00000000e7b00000)
  from space 10240K, 99% used [0x00000000e7b00000,0x00000000e84f9210,0x00000000e8500000)
  to   space 9728K, 0% used [0x00000000e8500000,0x00000000e8500000,0x00000000e8e80000)
 ParOldGen       total 63488K, used 17873K [0x0000000081400000, 0x0000000085200000, 0x00000000d5c00000)
  object space 63488K, 28% used [0x0000000081400000,0x00000000825745d8,0x0000000085200000)
 Metaspace       used 44068K, capacity 45712K, committed 46080K, reserved 1089536K
  class space    used 5482K, capacity 5806K, committed 5888K, reserved 1048576K
}

