# JRE version: Java(TM) SE Runtime Environment (8.0_161-b12) (build 1.8.0_161-b12)
# Java VM: Java HotSpot(TM) 64-Bit Server VM (25.161-b12 mixed mode windows-amd64 compressed oops)
Heap:
 PSYoungGen      total 138240K, used 76587K [0x00000000d5c00000, 0x00000000e6a00000, 0x0000000100000000)
  eden space 131072K, 58% used [0x00000000d5c00000,0x00000000da6caf20,0x00000000ddc00000)
  from space 7168K, 0% used [0x00000000ddc00000,0x00000000ddc00000,0x00000000de300000)
  to   space 7168K, 0% used [0x00000000e6300000,0x00000000e6300000,0x00000000e6a00000)
 ParOldGen       total 52736K, used 9447K [0x0000000081400000, 0x0000000084780000, 0x00000000d5c00000)
  object space 52736K, 17% used [0x0000000081400000,0x0000000081d39d58,0x0000000084780000)
 Metaspace       used 25062K, capacity 25676K, committed 25984K, reserved 1071104K
  class space    used 3170K, capacity 3335K, committed 3456K, reserved 1048576K
GC Heap History (10 events):
Event: 5.144 GC heap before
{Heap before GC invocations=4 (full 0):
 PSYoungGen      total 38400K, used 38361K [0x00000000d5c00000, 0x00000000da280000, 0x0000000100000000)
  eden space 33280K, 99% used [0x00000000d5c00000,0x00000000d7c7cfb8,0x00000000d7c80000)
  from space 5120K, 99% used [0x00000000d9c00000,0x00000000da0f9750,0x00000000da100000)
  to   space 1536K, 0% used [0x00000000da100000,0x00000000da100000,0x00000000da280000)
 ParOldGen       total 87552K, used 619K [0x0000000081400000, 0x0000000086980000, 0x00000000d5c00000)
  object space 87552K, 0% used [0x0000000081400000,0x000000008149ac48,0x0000000086980000)
 Metaspace       used 11446K, capacity 11650K, committed 12032K, reserved 1060864K
  class space    used 1389K, capacity 1455K, committed 1536K, reserved 1048576K
Event: 5.183 GC heap after
Heap after GC invocations=4 (full 0):
 PSYoungGen      total 67072K, used 1525K [0x00000000d5c00000, 0x00000000da700000, 0x0000000100000000)
  eden space 65536K, 0% used [0x00000000d5c00000,0x00000000d5c00000,0x00000000d9c00000)
  from space 1536K, 99% used [0x00000000da100000,0x00000000da27d5d0,0x00000000da280000)
  to   space 5120K, 0% used [0x00000000d9c00000,0x00000000d9c00000,0x00000000da100000)
 ParOldGen       total 87552K, used 5040K [0x0000000081400000, 0x0000000086980000, 0x00000000d5c00000)
  object space 87552K, 5% used [0x0000000081400000,0x00000000818ec058,0x0000000086980000)
 Metaspace       used 11446K, capacity 11650K, committed 12032K, reserved 1060864K
  class space    used 1389K, capacity 1455K, committed 1536K, reserved 1048576K
}
Event: 7.248 GC heap before
{Heap before GC invocations=5 (full 0):
 PSYoungGen      total 67072K, used 67061K [0x00000000d5c00000, 0x00000000da700000, 0x0000000100000000)
  eden space 65536K, 100% used [0x00000000d5c00000,0x00000000d9c00000,0x00000000d9c00000)
  from space 1536K, 99% used [0x00000000da100000,0x00000000da27d5d0,0x00000000da280000)
  to   space 5120K, 0% used [0x00000000d9c00000,0x00000000d9c00000,0x00000000da100000)
 ParOldGen       total 87552K, used 5040K [0x0000000081400000, 0x0000000086980000, 0x00000000d5c00000)
  object space 87552K, 5% used [0x0000000081400000,0x00000000818ec058,0x0000000086980000)
 Metaspace       used 14999K, capacity 15320K, committed 15616K, reserved 1062912K
  class space    used 1853K, capacity 1943K, committed 2048K, reserved 1048576K
Event: 7.287 GC heap after
Heap after GC invocations=5 (full 0):
 PSYoungGen      total 70656K, used 5060K [0x00000000d5c00000, 0x00000000dea00000, 0x0000000100000000)
  eden space 65536K, 0% used [0x00000000d5c00000,0x00000000d5c00000,0x00000000d9c00000)
  from space 5120K, 98% used [0x00000000d9c00000,0x00000000da0f1358,0x00000000da100000)
  to   space 7168K, 0% used [0x00000000de300000,0x00000000de300000,0x00000000dea00000)
 ParOldGen       total 87552K, used 5048K [0x0000000081400000, 0x0000000086980000, 0x00000000d5c00000)
  object space 87552K, 5% used [0x0000000081400000,0x00000000818ee058,0x0000000086980000)
 Metaspace       used 14999K, capacity 15320K, committed 15616K, reserved 1062912K
  class space    used 1853K, capacity 1943K, committed 2048K, reserved 1048576K
}
Event: 8.685 GC heap before
{Heap before GC invocations=6 (full 0):
 PSYoungGen      total 70656K, used 70596K [0x00000000d5c00000, 0x00000000dea00000, 0x0000000100000000)
  eden space 65536K, 100% used [0x00000000d5c00000,0x00000000d9c00000,0x00000000d9c00000)
  from space 5120K, 98% used [0x00000000d9c00000,0x00000000da0f1358,0x00000000da100000)
  to   space 7168K, 0% used [0x00000000de300000,0x00000000de300000,0x00000000dea00000)
 ParOldGen       total 87552K, used 5048K [0x0000000081400000, 0x0000000086980000, 0x00000000d5c00000)
  object space 87552K, 5% used [0x0000000081400000,0x00000000818ee058,0x0000000086980000)
 Metaspace       used 19350K, capacity 19832K, committed 20096K, reserved 1067008K
  class space    used 2442K, capacity 2601K, committed 2688K, reserved 1048576K
Event: 8.698 GC heap after
Heap after GC invocations=6 (full 0):
 PSYoungGen      total 138240K, used 5877K [0x00000000d5c00000, 0x00000000dea00000, 0x0000000100000000)
  eden space 131072K, 0% used [0x00000000d5c00000,0x00000000d5c00000,0x00000000ddc00000)
  from space 7168K, 81% used [0x00000000de300000,0x00000000de8bd540,0x00000000dea00000)
  to   space 7168K, 0% used [0x00000000ddc00000,0x00000000ddc00000,0x00000000de300000)
 ParOldGen       total 87552K, used 5120K [0x0000000081400000, 0x0000000086980000, 0x00000000d5c00000)
  object space 87552K, 5% used [0x0000000081400000,0x0000000081900068,0x0000000086980000)
 Metaspace       used 19350K, capacity 19832K, committed 20096K, reserved 1067008K
  class space    used 2442K, capacity 2601K, committed 2688K, reserved 1048576K
}
Event: 8.931 GC heap before
{Heap before GC invocations=7 (full 0):
 PSYoungGen      total 138240K, used 28144K [0x00000000d5c00000, 0x00000000dea00000, 0x0000000100000000)
  eden space 131072K, 16% used [0x00000000d5c00000,0x00000000d71beb68,0x00000000ddc00000)
  from space 7168K, 81% used [0x00000000de300000,0x00000000de8bd540,0x00000000dea00000)
  to   space 7168K, 0% used [0x00000000ddc00000,0x00000000ddc00000,0x00000000de300000)
 ParOldGen       total 87552K, used 5120K [0x0000000081400000, 0x0000000086980000, 0x00000000d5c00000)
  object space 87552K, 5% used [0x0000000081400000,0x0000000081900068,0x0000000086980000)
 Metaspace       used 20680K, capacity 21150K, committed 21248K, reserved 1067008K
  class space    used 2584K, capacity 2734K, committed 2816K, reserved 1048576K
Event: 8.941 GC heap after
Heap after GC invocations=7 (full 0):
 PSYoungGen      total 138240K, used 4147K [0x00000000d5c00000, 0x00000000e6a00000, 0x0000000100000000)
  eden space 131072K, 0% used [0x00000000d5c00000,0x00000000d5c00000,0x00000000ddc00000)
  from space 7168K, 57% used [0x00000000ddc00000,0x00000000de00cc08,0x00000000de300000)
  to   space 7168K, 0% used [0x00000000e6300000,0x00000000e6300000,0x00000000e6a00000)
 ParOldGen       total 87552K, used 6160K [0x0000000081400000, 0x0000000086980000, 0x00000000d5c00000)
  object space 87552K, 7% used [0x0000000081400000,0x0000000081a04068,0x0000000086980000)
 Metaspace       used 20680K, capacity 21150K, committed 21248K, reserved 1067008K
  class space    used 2584K, capacity 2734K, committed 2816K, reserved 1048576K
}
Event: 8.941 GC heap before
{Heap before GC invocations=8 (full 1):
 PSYoungGen      total 138240K, used 4147K [0x00000000d5c00000, 0x00000000e6a00000, 0x0000000100000000)
  eden space 131072K, 0% used [0x00000000d5c00000,0x00000000d5c00000,0x00000000ddc00000)
  from space 7168K, 57% used [0x00000000ddc00000,0x00000000de00cc08,0x00000000de300000)
  to   space 7168K, 0% used [0x00000000e6300000,0x00000000e6300000,0x00000000e6a00000)
 ParOldGen       total 87552K, used 6160K [0x0000000081400000, 0x0000000086980000, 0x00000000d5c00000)
  object space 87552K, 7% used [0x0000000081400000,0x0000000081a04068,0x0000000086980000)
 Metaspace       used 20680K, capacity 21150K, committed 21248K, reserved 1067008K
  class space    used 2584K, capacity 2734K, committed 2816K, reserved 1048576K
Event: 9.070 GC heap after
Heap after GC invocations=8 (full 1):
 PSYoungGen      total 138240K, used 0K [0x00000000d5c00000, 0x00000000e6a00000, 0x0000000100000000)
  eden space 131072K, 0% used [0x00000000d5c00000,0x00000000d5c00000,0x00000000ddc00000)
  from space 7168K, 0% used [0x00000000ddc00000,0x00000000ddc00000,0x00000000de300000)
  to   space 7168K, 0% used [0x00000000e6300000,0x00000000e6300000,0x00000000e6a00000)
 ParOldGen       total 52736K, used 9447K [0x0000000081400000, 0x0000000084780000, 0x00000000d5c00000)
  object space 52736K, 17% used [0x0000000081400000,0x0000000081d39d58,0x0000000084780000)
 Metaspace       used 20679K, capacity 21144K, committed 21248K, reserved 1067008K
  class space    used 2583K, capacity 2733K, committed 2816K, reserved 1048576K
}

