# JRE version: Java(TM) SE Runtime Environment (8.0_161-b12) (build 1.8.0_161-b12)
# Java VM: Java HotSpot(TM) 64-Bit Server VM (25.161-b12 mixed mode windows-amd64 compressed oops)
Heap:
 PSYoungGen      total 200704K, used 58266K [0x00000000d5c00000, 0x00000000e2a00000, 0x0000000100000000)
  eden space 190464K, 26% used [0x00000000d5c00000,0x00000000d8cc9c48,0x00000000e1600000)
  from space 10240K, 81% used [0x00000000e1600000,0x00000000e1e1cf88,0x00000000e2000000)
  to   space 8192K, 0% used [0x00000000e2200000,0x00000000e2200000,0x00000000e2a00000)
 ParOldGen       total 71680K, used 14617K [0x0000000081400000, 0x0000000085a00000, 0x00000000d5c00000)
  object space 71680K, 20% used [0x0000000081400000,0x0000000082246498,0x0000000085a00000)
 Metaspace       used 41422K, capacity 42988K, committed 43392K, reserved 1087488K
  class space    used 5092K, capacity 5416K, committed 5504K, reserved 1048576K
GC Heap History (10 events):
Event: 11.044 GC heap before
{Heap before GC invocations=11 (full 1):
 PSYoungGen      total 140800K, used 139969K [0x00000000d5c00000, 0x00000000e2b00000, 0x0000000100000000)
  eden space 132096K, 99% used [0x00000000d5c00000,0x00000000ddcffa38,0x00000000ddd00000)
  from space 8704K, 90% used [0x00000000ddd00000,0x00000000de4b0ca0,0x00000000de580000)
  to   space 9216K, 0% used [0x00000000e2200000,0x00000000e2200000,0x00000000e2b00000)
 ParOldGen       total 49664K, used 6481K [0x0000000081400000, 0x0000000084480000, 0x00000000d5c00000)
  object space 49664K, 13% used [0x0000000081400000,0x0000000081a547f8,0x0000000084480000)
 Metaspace       used 29094K, capacity 29816K, committed 29952K, reserved 1075200K
  class space    used 3594K, capacity 3782K, committed 3840K, reserved 1048576K
Event: 11.055 GC heap after
Heap after GC invocations=11 (full 1):
 PSYoungGen      total 198656K, used 8015K [0x00000000d5c00000, 0x00000000e2a00000, 0x0000000100000000)
  eden space 190464K, 0% used [0x00000000d5c00000,0x00000000d5c00000,0x00000000e1600000)
  from space 8192K, 97% used [0x00000000e2200000,0x00000000e29d3db0,0x00000000e2a00000)
  to   space 10240K, 0% used [0x00000000e1600000,0x00000000e1600000,0x00000000e2000000)
 ParOldGen       total 49664K, used 6489K [0x0000000081400000, 0x0000000084480000, 0x00000000d5c00000)
  object space 49664K, 13% used [0x0000000081400000,0x0000000081a567f8,0x0000000084480000)
 Metaspace       used 29094K, capacity 29816K, committed 29952K, reserved 1075200K
  class space    used 3594K, capacity 3782K, committed 3840K, reserved 1048576K
}
Event: 17.220 GC heap before
{Heap before GC invocations=12 (full 1):
 PSYoungGen      total 198656K, used 198479K [0x00000000d5c00000, 0x00000000e2a00000, 0x0000000100000000)
  eden space 190464K, 100% used [0x00000000d5c00000,0x00000000e1600000,0x00000000e1600000)
  from space 8192K, 97% used [0x00000000e2200000,0x00000000e29d3db0,0x00000000e2a00000)
  to   space 10240K, 0% used [0x00000000e1600000,0x00000000e1600000,0x00000000e2000000)
 ParOldGen       total 49664K, used 6489K [0x0000000081400000, 0x0000000084480000, 0x00000000d5c00000)
  object space 49664K, 13% used [0x0000000081400000,0x0000000081a567f8,0x0000000084480000)
 Metaspace       used 33743K, capacity 34764K, committed 34944K, reserved 1079296K
  class space    used 4182K, capacity 4438K, committed 4480K, reserved 1048576K
Event: 17.235 GC heap after
Heap after GC invocations=12 (full 1):
 PSYoungGen      total 200704K, used 7522K [0x00000000d5c00000, 0x00000000e2a00000, 0x0000000100000000)
  eden space 190464K, 0% used [0x00000000d5c00000,0x00000000d5c00000,0x00000000e1600000)
  from space 10240K, 73% used [0x00000000e1600000,0x00000000e1d58850,0x00000000e2000000)
  to   space 8192K, 0% used [0x00000000e2200000,0x00000000e2200000,0x00000000e2a00000)
 ParOldGen       total 49664K, used 11800K [0x0000000081400000, 0x0000000084480000, 0x00000000d5c00000)
  object space 49664K, 23% used [0x0000000081400000,0x0000000081f86310,0x0000000084480000)
 Metaspace       used 33743K, capacity 34764K, committed 34944K, reserved 1079296K
  class space    used 4182K, capacity 4438K, committed 4480K, reserved 1048576K
}
Event: 17.701 GC heap before
{Heap before GC invocations=13 (full 1):
 PSYoungGen      total 200704K, used 24746K [0x00000000d5c00000, 0x00000000e2a00000, 0x0000000100000000)
  eden space 190464K, 9% used [0x00000000d5c00000,0x00000000d6cd23a8,0x00000000e1600000)
  from space 10240K, 73% used [0x00000000e1600000,0x00000000e1d58850,0x00000000e2000000)
  to   space 8192K, 0% used [0x00000000e2200000,0x00000000e2200000,0x00000000e2a00000)
 ParOldGen       total 49664K, used 11800K [0x0000000081400000, 0x0000000084480000, 0x00000000d5c00000)
  object space 49664K, 23% used [0x0000000081400000,0x0000000081f86310,0x0000000084480000)
 Metaspace       used 34281K, capacity 35322K, committed 35416K, reserved 1081344K
  class space    used 4268K, capacity 4521K, committed 4608K, reserved 1048576K
Event: 17.718 GC heap after
Heap after GC invocations=13 (full 1):
 PSYoungGen      total 198656K, used 1105K [0x00000000d5c00000, 0x00000000e2a00000, 0x0000000100000000)
  eden space 190464K, 0% used [0x00000000d5c00000,0x00000000d5c00000,0x00000000e1600000)
  from space 8192K, 13% used [0x00000000e2200000,0x00000000e2314780,0x00000000e2a00000)
  to   space 10240K, 0% used [0x00000000e1600000,0x00000000e1600000,0x00000000e2000000)
 ParOldGen       total 49664K, used 15000K [0x0000000081400000, 0x0000000084480000, 0x00000000d5c00000)
  object space 49664K, 30% used [0x0000000081400000,0x00000000822a6338,0x0000000084480000)
 Metaspace       used 34281K, capacity 35322K, committed 35416K, reserved 1081344K
  class space    used 4268K, capacity 4521K, committed 4608K, reserved 1048576K
}
Event: 17.718 GC heap before
{Heap before GC invocations=14 (full 2):
 PSYoungGen      total 198656K, used 1105K [0x00000000d5c00000, 0x00000000e2a00000, 0x0000000100000000)
  eden space 190464K, 0% used [0x00000000d5c00000,0x00000000d5c00000,0x00000000e1600000)
  from space 8192K, 13% used [0x00000000e2200000,0x00000000e2314780,0x00000000e2a00000)
  to   space 10240K, 0% used [0x00000000e1600000,0x00000000e1600000,0x00000000e2000000)
 ParOldGen       total 49664K, used 15000K [0x0000000081400000, 0x0000000084480000, 0x00000000d5c00000)
  object space 49664K, 30% used [0x0000000081400000,0x00000000822a6338,0x0000000084480000)
 Metaspace       used 34281K, capacity 35322K, committed 35416K, reserved 1081344K
  class space    used 4268K, capacity 4521K, committed 4608K, reserved 1048576K
Event: 17.828 GC heap after
Heap after GC invocations=14 (full 2):
 PSYoungGen      total 198656K, used 0K [0x00000000d5c00000, 0x00000000e2a00000, 0x0000000100000000)
  eden space 190464K, 0% used [0x00000000d5c00000,0x00000000d5c00000,0x00000000e1600000)
  from space 8192K, 0% used [0x00000000e2200000,0x00000000e2200000,0x00000000e2a00000)
  to   space 10240K, 0% used [0x00000000e1600000,0x00000000e1600000,0x00000000e2000000)
 ParOldGen       total 71680K, used 14609K [0x0000000081400000, 0x0000000085a00000, 0x00000000d5c00000)
  object space 71680K, 20% used [0x0000000081400000,0x0000000082244498,0x0000000085a00000)
 Metaspace       used 34281K, capacity 35322K, committed 35416K, reserved 1081344K
  class space    used 4268K, capacity 4521K, committed 4608K, reserved 1048576K
}
Event: 21.133 GC heap before
{Heap before GC invocations=15 (full 2):
 PSYoungGen      total 198656K, used 190464K [0x00000000d5c00000, 0x00000000e2a00000, 0x0000000100000000)
  eden space 190464K, 100% used [0x00000000d5c00000,0x00000000e1600000,0x00000000e1600000)
  from space 8192K, 0% used [0x00000000e2200000,0x00000000e2200000,0x00000000e2a00000)
  to   space 10240K, 0% used [0x00000000e1600000,0x00000000e1600000,0x00000000e2000000)
 ParOldGen       total 71680K, used 14609K [0x0000000081400000, 0x0000000085a00000, 0x00000000d5c00000)
  object space 71680K, 20% used [0x0000000081400000,0x0000000082244498,0x0000000085a00000)
 Metaspace       used 39137K, capacity 40688K, committed 41088K, reserved 1085440K
  class space    used 4855K, capacity 5146K, committed 5248K, reserved 1048576K
Event: 21.144 GC heap after
Heap after GC invocations=15 (full 2):
 PSYoungGen      total 200704K, used 8307K [0x00000000d5c00000, 0x00000000e2a00000, 0x0000000100000000)
  eden space 190464K, 0% used [0x00000000d5c00000,0x00000000d5c00000,0x00000000e1600000)
  from space 10240K, 81% used [0x00000000e1600000,0x00000000e1e1cf88,0x00000000e2000000)
  to   space 8192K, 0% used [0x00000000e2200000,0x00000000e2200000,0x00000000e2a00000)
 ParOldGen       total 71680K, used 14617K [0x0000000081400000, 0x0000000085a00000, 0x00000000d5c00000)
  object space 71680K, 20% used [0x0000000081400000,0x0000000082246498,0x0000000085a00000)
 Metaspace       used 39137K, capacity 40688K, committed 41088K, reserved 1085440K
  class space    used 4855K, capacity 5146K, committed 5248K, reserved 1048576K
}

