# JRE version: Java(TM) SE Runtime Environment (8.0_161-b12) (build 1.8.0_161-b12)
# Java VM: Java HotSpot(TM) 64-Bit Server VM (25.161-b12 mixed mode windows-amd64 compressed oops)
Heap:
 PSYoungGen      total 364544K, used 133655K [0x00000000d5c00000, 0x00000000f7080000, 0x0000000100000000)
  eden space 352768K, 37% used [0x00000000d5c00000,0x00000000dde85f38,0x00000000eb480000)
  from space 11776K, 0% used [0x00000000ec780000,0x00000000ec780000,0x00000000ed300000)
  to   space 19456K, 0% used [0x00000000eb480000,0x00000000eb480000,0x00000000ec780000)
 ParOldGen       total 67072K, used 33914K [0x0000000081400000, 0x0000000085580000, 0x00000000d5c00000)
  object space 67072K, 50% used [0x0000000081400000,0x000000008351eb98,0x0000000085580000)
 Metaspace       used 59790K, capacity 61629K, committed 62040K, reserved 1103872K
  class space    used 7651K, capacity 8005K, committed 8064K, reserved 1048576K
GC Heap History (10 events):
Event: 25.051 GC heap before
{Heap before GC invocations=11 (full 1):
 PSYoungGen      total 271872K, used 113268K [0x00000000d5c00000, 0x00000000ed300000, 0x0000000100000000)
  eden space 262144K, 39% used [0x00000000d5c00000,0x00000000dc11e268,0x00000000e5c00000)
  from space 9728K, 99% used [0x00000000e5c00000,0x00000000e657ede0,0x00000000e6580000)
  to   space 11776K, 0% used [0x00000000ec780000,0x00000000ec780000,0x00000000ed300000)
 ParOldGen       total 47104K, used 8476K [0x0000000081400000, 0x0000000084200000, 0x00000000d5c00000)
  object space 47104K, 17% used [0x0000000081400000,0x0000000081c47298,0x0000000084200000)
 Metaspace       used 34194K, capacity 35225K, committed 35416K, reserved 1081344K
  class space    used 4252K, capacity 4480K, committed 4480K, reserved 1048576K
Event: 25.076 GC heap after
Heap after GC invocations=11 (full 1):
 PSYoungGen      total 371712K, used 8697K [0x00000000d5c00000, 0x00000000ee980000, 0x0000000100000000)
  eden space 359936K, 0% used [0x00000000d5c00000,0x00000000d5c00000,0x00000000ebb80000)
  from space 11776K, 73% used [0x00000000ec780000,0x00000000ecffe4a8,0x00000000ed300000)
  to   space 12288K, 0% used [0x00000000ebb80000,0x00000000ebb80000,0x00000000ec780000)
 ParOldGen       total 47104K, used 11562K [0x0000000081400000, 0x0000000084200000, 0x00000000d5c00000)
  object space 47104K, 24% used [0x0000000081400000,0x0000000081f4ab98,0x0000000084200000)
 Metaspace       used 34194K, capacity 35225K, committed 35416K, reserved 1081344K
  class space    used 4252K, capacity 4480K, committed 4480K, reserved 1048576K
}
Event: 25.076 GC heap before
{Heap before GC invocations=12 (full 2):
 PSYoungGen      total 371712K, used 8697K [0x00000000d5c00000, 0x00000000ee980000, 0x0000000100000000)
  eden space 359936K, 0% used [0x00000000d5c00000,0x00000000d5c00000,0x00000000ebb80000)
  from space 11776K, 73% used [0x00000000ec780000,0x00000000ecffe4a8,0x00000000ed300000)
  to   space 12288K, 0% used [0x00000000ebb80000,0x00000000ebb80000,0x00000000ec780000)
 ParOldGen       total 47104K, used 11562K [0x0000000081400000, 0x0000000084200000, 0x00000000d5c00000)
  object space 47104K, 24% used [0x0000000081400000,0x0000000081f4ab98,0x0000000084200000)
 Metaspace       used 34194K, capacity 35225K, committed 35416K, reserved 1081344K
  class space    used 4252K, capacity 4480K, committed 4480K, reserved 1048576K
Event: 25.189 GC heap after
Heap after GC invocations=12 (full 2):
 PSYoungGen      total 371712K, used 0K [0x00000000d5c00000, 0x00000000ee980000, 0x0000000100000000)
  eden space 359936K, 0% used [0x00000000d5c00000,0x00000000d5c00000,0x00000000ebb80000)
  from space 11776K, 0% used [0x00000000ec780000,0x00000000ec780000,0x00000000ed300000)
  to   space 12288K, 0% used [0x00000000ebb80000,0x00000000ebb80000,0x00000000ec780000)
 ParOldGen       total 67072K, used 16676K [0x0000000081400000, 0x0000000085580000, 0x00000000d5c00000)
  object space 67072K, 24% used [0x0000000081400000,0x0000000082449130,0x0000000085580000)
 Metaspace       used 34194K, capacity 35225K, committed 35416K, reserved 1081344K
  class space    used 4252K, capacity 4480K, committed 4480K, reserved 1048576K
}
Event: 34.128 GC heap before
{Heap before GC invocations=13 (full 2):
 PSYoungGen      total 371712K, used 359936K [0x00000000d5c00000, 0x00000000ee980000, 0x0000000100000000)
  eden space 359936K, 100% used [0x00000000d5c00000,0x00000000ebb80000,0x00000000ebb80000)
  from space 11776K, 0% used [0x00000000ec780000,0x00000000ec780000,0x00000000ed300000)
  to   space 12288K, 0% used [0x00000000ebb80000,0x00000000ebb80000,0x00000000ec780000)
 ParOldGen       total 67072K, used 16676K [0x0000000081400000, 0x0000000085580000, 0x00000000d5c00000)
  object space 67072K, 24% used [0x0000000081400000,0x0000000082449130,0x0000000085580000)
 Metaspace       used 46710K, capacity 48367K, committed 48600K, reserved 1091584K
  class space    used 5994K, capacity 6332K, committed 6400K, reserved 1048576K
Event: 34.150 GC heap after
Heap after GC invocations=13 (full 2):
 PSYoungGen      total 372224K, used 12274K [0x00000000d5c00000, 0x00000000ee980000, 0x0000000100000000)
  eden space 359936K, 0% used [0x00000000d5c00000,0x00000000d5c00000,0x00000000ebb80000)
  from space 12288K, 99% used [0x00000000ebb80000,0x00000000ec77cbb0,0x00000000ec780000)
  to   space 11776K, 0% used [0x00000000ec780000,0x00000000ec780000,0x00000000ed300000)
 ParOldGen       total 67072K, used 21309K [0x0000000081400000, 0x0000000085580000, 0x00000000d5c00000)
  object space 67072K, 31% used [0x0000000081400000,0x00000000828cf5a0,0x0000000085580000)
 Metaspace       used 46710K, capacity 48367K, committed 48600K, reserved 1091584K
  class space    used 5994K, capacity 6332K, committed 6400K, reserved 1048576K
}
Event: 68.804 GC heap before
{Heap before GC invocations=14 (full 2):
 PSYoungGen      total 372224K, used 219842K [0x00000000d5c00000, 0x00000000ee980000, 0x0000000100000000)
  eden space 359936K, 57% used [0x00000000d5c00000,0x00000000e26b3ce8,0x00000000ebb80000)
  from space 12288K, 99% used [0x00000000ebb80000,0x00000000ec77cbb0,0x00000000ec780000)
  to   space 11776K, 0% used [0x00000000ec780000,0x00000000ec780000,0x00000000ed300000)
 ParOldGen       total 67072K, used 21309K [0x0000000081400000, 0x0000000085580000, 0x00000000d5c00000)
  object space 67072K, 31% used [0x0000000081400000,0x00000000828cf5a0,0x0000000085580000)
 Metaspace       used 56934K, capacity 58705K, committed 59028K, reserved 1101824K
  class space    used 7271K, capacity 7627K, committed 7680K, reserved 1048576K
Event: 68.833 GC heap after
Heap after GC invocations=14 (full 2):
 PSYoungGen      total 364544K, used 11770K [0x00000000d5c00000, 0x00000000f7080000, 0x0000000100000000)
  eden space 352768K, 0% used [0x00000000d5c00000,0x00000000d5c00000,0x00000000eb480000)
  from space 11776K, 99% used [0x00000000ec780000,0x00000000ed2fea18,0x00000000ed300000)
  to   space 19456K, 0% used [0x00000000eb480000,0x00000000eb480000,0x00000000ec780000)
 ParOldGen       total 67072K, used 30207K [0x0000000081400000, 0x0000000085580000, 0x00000000d5c00000)
  object space 67072K, 45% used [0x0000000081400000,0x000000008317fe10,0x0000000085580000)
 Metaspace       used 56934K, capacity 58705K, committed 59028K, reserved 1101824K
  class space    used 7271K, capacity 7627K, committed 7680K, reserved 1048576K
}
Event: 68.834 GC heap before
{Heap before GC invocations=15 (full 3):
 PSYoungGen      total 364544K, used 11770K [0x00000000d5c00000, 0x00000000f7080000, 0x0000000100000000)
  eden space 352768K, 0% used [0x00000000d5c00000,0x00000000d5c00000,0x00000000eb480000)
  from space 11776K, 99% used [0x00000000ec780000,0x00000000ed2fea18,0x00000000ed300000)
  to   space 19456K, 0% used [0x00000000eb480000,0x00000000eb480000,0x00000000ec780000)
 ParOldGen       total 67072K, used 30207K [0x0000000081400000, 0x0000000085580000, 0x00000000d5c00000)
  object space 67072K, 45% used [0x0000000081400000,0x000000008317fe10,0x0000000085580000)
 Metaspace       used 56934K, capacity 58705K, committed 59028K, reserved 1101824K
  class space    used 7271K, capacity 7627K, committed 7680K, reserved 1048576K
Event: 69.125 GC heap after
Heap after GC invocations=15 (full 3):
 PSYoungGen      total 364544K, used 0K [0x00000000d5c00000, 0x00000000f7080000, 0x0000000100000000)
  eden space 352768K, 0% used [0x00000000d5c00000,0x00000000d5c00000,0x00000000eb480000)
  from space 11776K, 0% used [0x00000000ec780000,0x00000000ec780000,0x00000000ed300000)
  to   space 19456K, 0% used [0x00000000eb480000,0x00000000eb480000,0x00000000ec780000)
 ParOldGen       total 67072K, used 33914K [0x0000000081400000, 0x0000000085580000, 0x00000000d5c00000)
  object space 67072K, 50% used [0x0000000081400000,0x000000008351eb98,0x0000000085580000)
 Metaspace       used 56934K, capacity 58705K, committed 59028K, reserved 1101824K
  class space    used 7271K, capacity 7627K, committed 7680K, reserved 1048576K
}

