# JRE version: Java(TM) SE Runtime Environment (8.0_161-b12) (build 1.8.0_161-b12)
# Java VM: Java HotSpot(TM) 64-Bit Server VM (25.161-b12 mixed mode windows-amd64 compressed oops)
Heap:
 PSYoungGen      total 390144K, used 315830K [0x00000000d5c00000, 0x00000000fa900000, 0x0000000100000000)
  eden space 374272K, 84% used [0x00000000d5c00000,0x00000000e906dbd0,0x00000000ec980000)
  from space 15872K, 0% used [0x00000000ec980000,0x00000000ec980000,0x00000000ed900000)
  to   space 16384K, 0% used [0x00000000f9900000,0x00000000f9900000,0x00000000fa900000)
 ParOldGen       total 75776K, used 22436K [0x0000000081400000, 0x0000000085e00000, 0x00000000d5c00000)
  object space 75776K, 29% used [0x0000000081400000,0x00000000829e9170,0x0000000085e00000)
 Metaspace       used 44602K, capacity 46311K, committed 46672K, reserved 1089536K
  class space    used 5851K, capacity 6200K, committed 6268K, reserved 1048576K
GC Heap History (10 events):
Event: 10.647 GC heap before
{Heap before GC invocations=9 (full 1):
 PSYoungGen      total 141824K, used 131584K [0x00000000d5c00000, 0x00000000e7100000, 0x0000000100000000)
  eden space 131584K, 100% used [0x00000000d5c00000,0x00000000ddc80000,0x00000000ddc80000)
  from space 10240K, 0% used [0x00000000ddc80000,0x00000000ddc80000,0x00000000de680000)
  to   space 10240K, 0% used [0x00000000e6700000,0x00000000e6700000,0x00000000e7100000)
 ParOldGen       total 45568K, used 5587K [0x0000000081400000, 0x0000000084080000, 0x00000000d5c00000)
  object space 45568K, 12% used [0x0000000081400000,0x0000000081974fa8,0x0000000084080000)
 Metaspace       used 24230K, capacity 24910K, committed 25212K, reserved 1071104K
  class space    used 3172K, capacity 3336K, committed 3452K, reserved 1048576K
Event: 10.655 GC heap after
Heap after GC invocations=9 (full 1):
 PSYoungGen      total 255488K, used 5768K [0x00000000d5c00000, 0x00000000e6d00000, 0x0000000100000000)
  eden space 249344K, 0% used [0x00000000d5c00000,0x00000000d5c00000,0x00000000e4f80000)
  from space 6144K, 93% used [0x00000000e6700000,0x00000000e6ca2240,0x00000000e6d00000)
  to   space 9728K, 0% used [0x00000000e5a00000,0x00000000e5a00000,0x00000000e6380000)
 ParOldGen       total 45568K, used 5614K [0x0000000081400000, 0x0000000084080000, 0x00000000d5c00000)
  object space 45568K, 12% used [0x0000000081400000,0x000000008197bbf8,0x0000000084080000)
 Metaspace       used 24230K, capacity 24910K, committed 25212K, reserved 1071104K
  class space    used 3172K, capacity 3336K, committed 3452K, reserved 1048576K
}
Event: 13.066 GC heap before
{Heap before GC invocations=10 (full 1):
 PSYoungGen      total 255488K, used 255112K [0x00000000d5c00000, 0x00000000e6d00000, 0x0000000100000000)
  eden space 249344K, 100% used [0x00000000d5c00000,0x00000000e4f80000,0x00000000e4f80000)
  from space 6144K, 93% used [0x00000000e6700000,0x00000000e6ca2240,0x00000000e6d00000)
  to   space 9728K, 0% used [0x00000000e5a00000,0x00000000e5a00000,0x00000000e6380000)
 ParOldGen       total 45568K, used 5614K [0x0000000081400000, 0x0000000084080000, 0x00000000d5c00000)
  object space 45568K, 12% used [0x0000000081400000,0x000000008197bbf8,0x0000000084080000)
 Metaspace       used 27081K, capacity 28028K, committed 28156K, reserved 1073152K
  class space    used 3540K, capacity 3786K, committed 3836K, reserved 1048576K
Event: 13.076 GC heap after
Heap after GC invocations=10 (full 1):
 PSYoungGen      total 269824K, used 9246K [0x00000000d5c00000, 0x00000000ee380000, 0x0000000100000000)
  eden space 260096K, 0% used [0x00000000d5c00000,0x00000000d5c00000,0x00000000e5a00000)
  from space 9728K, 95% used [0x00000000e5a00000,0x00000000e6307a20,0x00000000e6380000)
  to   space 10752K, 0% used [0x00000000ed900000,0x00000000ed900000,0x00000000ee380000)
 ParOldGen       total 45568K, used 5622K [0x0000000081400000, 0x0000000084080000, 0x00000000d5c00000)
  object space 45568K, 12% used [0x0000000081400000,0x000000008197dbf8,0x0000000084080000)
 Metaspace       used 27081K, capacity 28028K, committed 28156K, reserved 1073152K
  class space    used 3540K, capacity 3786K, committed 3836K, reserved 1048576K
}
Event: 15.806 GC heap before
{Heap before GC invocations=11 (full 1):
 PSYoungGen      total 269824K, used 269342K [0x00000000d5c00000, 0x00000000ee380000, 0x0000000100000000)
  eden space 260096K, 100% used [0x00000000d5c00000,0x00000000e5a00000,0x00000000e5a00000)
  from space 9728K, 95% used [0x00000000e5a00000,0x00000000e6307a20,0x00000000e6380000)
  to   space 10752K, 0% used [0x00000000ed900000,0x00000000ed900000,0x00000000ee380000)
 ParOldGen       total 45568K, used 5622K [0x0000000081400000, 0x0000000084080000, 0x00000000d5c00000)
  object space 45568K, 12% used [0x0000000081400000,0x000000008197dbf8,0x0000000084080000)
 Metaspace       used 34154K, capacity 35662K, committed 35836K, reserved 1081344K
  class space    used 4523K, capacity 4859K, committed 4860K, reserved 1048576K
Event: 15.829 GC heap after
Heap after GC invocations=11 (full 1):
 PSYoungGen      total 385024K, used 10727K [0x00000000d5c00000, 0x00000000ef980000, 0x0000000100000000)
  eden space 374272K, 0% used [0x00000000d5c00000,0x00000000d5c00000,0x00000000ec980000)
  from space 10752K, 99% used [0x00000000ed900000,0x00000000ee379e70,0x00000000ee380000)
  to   space 15872K, 0% used [0x00000000ec980000,0x00000000ec980000,0x00000000ed900000)
 ParOldGen       total 45568K, used 16995K [0x0000000081400000, 0x0000000084080000, 0x00000000d5c00000)
  object space 45568K, 37% used [0x0000000081400000,0x0000000082498ea0,0x0000000084080000)
 Metaspace       used 34154K, capacity 35662K, committed 35836K, reserved 1081344K
  class space    used 4523K, capacity 4859K, committed 4860K, reserved 1048576K
}
Event: 16.052 GC heap before
{Heap before GC invocations=12 (full 1):
 PSYoungGen      total 385024K, used 59236K [0x00000000d5c00000, 0x00000000ef980000, 0x0000000100000000)
  eden space 374272K, 12% used [0x00000000d5c00000,0x00000000d8b5f408,0x00000000ec980000)
  from space 10752K, 99% used [0x00000000ed900000,0x00000000ee379e70,0x00000000ee380000)
  to   space 15872K, 0% used [0x00000000ec980000,0x00000000ec980000,0x00000000ed900000)
 ParOldGen       total 45568K, used 16995K [0x0000000081400000, 0x0000000084080000, 0x00000000d5c00000)
  object space 45568K, 37% used [0x0000000081400000,0x0000000082498ea0,0x0000000084080000)
 Metaspace       used 34284K, capacity 35733K, committed 36048K, reserved 1081344K
  class space    used 4540K, capacity 4860K, committed 4860K, reserved 1048576K
Event: 16.069 GC heap after
Heap after GC invocations=12 (full 1):
 PSYoungGen      total 390144K, used 1208K [0x00000000d5c00000, 0x00000000fa900000, 0x0000000100000000)
  eden space 374272K, 0% used [0x00000000d5c00000,0x00000000d5c00000,0x00000000ec980000)
  from space 15872K, 7% used [0x00000000ec980000,0x00000000ecaae010,0x00000000ed900000)
  to   space 16384K, 0% used [0x00000000f9900000,0x00000000f9900000,0x00000000fa900000)
 ParOldGen       total 45568K, used 26409K [0x0000000081400000, 0x0000000084080000, 0x00000000d5c00000)
  object space 45568K, 57% used [0x0000000081400000,0x0000000082dca438,0x0000000084080000)
 Metaspace       used 34284K, capacity 35733K, committed 36048K, reserved 1081344K
  class space    used 4540K, capacity 4860K, committed 4860K, reserved 1048576K
}
Event: 16.069 GC heap before
{Heap before GC invocations=13 (full 2):
 PSYoungGen      total 390144K, used 1208K [0x00000000d5c00000, 0x00000000fa900000, 0x0000000100000000)
  eden space 374272K, 0% used [0x00000000d5c00000,0x00000000d5c00000,0x00000000ec980000)
  from space 15872K, 7% used [0x00000000ec980000,0x00000000ecaae010,0x00000000ed900000)
  to   space 16384K, 0% used [0x00000000f9900000,0x00000000f9900000,0x00000000fa900000)
 ParOldGen       total 45568K, used 26409K [0x0000000081400000, 0x0000000084080000, 0x00000000d5c00000)
  object space 45568K, 57% used [0x0000000081400000,0x0000000082dca438,0x0000000084080000)
 Metaspace       used 34284K, capacity 35733K, committed 36048K, reserved 1081344K
  class space    used 4540K, capacity 4860K, committed 4860K, reserved 1048576K
Event: 16.207 GC heap after
Heap after GC invocations=13 (full 2):
 PSYoungGen      total 390144K, used 0K [0x00000000d5c00000, 0x00000000fa900000, 0x0000000100000000)
  eden space 374272K, 0% used [0x00000000d5c00000,0x00000000d5c00000,0x00000000ec980000)
  from space 15872K, 0% used [0x00000000ec980000,0x00000000ec980000,0x00000000ed900000)
  to   space 16384K, 0% used [0x00000000f9900000,0x00000000f9900000,0x00000000fa900000)
 ParOldGen       total 75776K, used 22436K [0x0000000081400000, 0x0000000085e00000, 0x00000000d5c00000)
  object space 75776K, 29% used [0x0000000081400000,0x00000000829e9170,0x0000000085e00000)
 Metaspace       used 34284K, capacity 35733K, committed 36048K, reserved 1081344K
  class space    used 4540K, capacity 4860K, committed 4860K, reserved 1048576K
}

