# JRE version: Java(TM) SE Runtime Environment (8.0_161-b12) (build 1.8.0_161-b12)
# Java VM: Java HotSpot(TM) 64-Bit Server VM (25.161-b12 mixed mode windows-amd64 compressed oops)
Heap:
 PSYoungGen      total 569344K, used 43954K [0x00000000d5c00000, 0x00000000fa380000, 0x0000000100000000)
  eden space 561152K, 7% used [0x00000000d5c00000,0x00000000d86ecbf0,0x00000000f8000000)
  from space 8192K, 0% used [0x00000000f9b80000,0x00000000f9b80000,0x00000000fa380000)
  to   space 16384K, 0% used [0x00000000f8380000,0x00000000f8380000,0x00000000f9380000)
 ParOldGen       total 88064K, used 31368K [0x0000000081400000, 0x0000000086a00000, 0x00000000d5c00000)
  object space 88064K, 35% used [0x0000000081400000,0x00000000832a20c8,0x0000000086a00000)
 Metaspace       used 57550K, capacity 59398K, committed 59668K, reserved 1101824K
  class space    used 7381K, capacity 7733K, committed 7808K, reserved 1048576K
GC Heap History (10 events):
Event: 10.935 GC heap before
{Heap before GC invocations=11 (full 1):
 PSYoungGen      total 269824K, used 95517K [0x00000000d5c00000, 0x00000000ef000000, 0x0000000100000000)
  eden space 259584K, 32% used [0x00000000d5c00000,0x00000000daf48ad8,0x00000000e5980000)
  from space 10240K, 99% used [0x00000000e5980000,0x00000000e637ea60,0x00000000e6380000)
  to   space 12800K, 0% used [0x00000000ee380000,0x00000000ee380000,0x00000000ef000000)
 ParOldGen       total 44544K, used 7655K [0x0000000081400000, 0x0000000083f80000, 0x00000000d5c00000)
  object space 44544K, 17% used [0x0000000081400000,0x0000000081b79cd8,0x0000000083f80000)
 Metaspace       used 34197K, capacity 35252K, committed 35416K, reserved 1081344K
  class space    used 4266K, capacity 4494K, committed 4608K, reserved 1048576K
Event: 10.948 GC heap after
Heap after GC invocations=11 (full 1):
 PSYoungGen      total 400896K, used 8557K [0x00000000d5c00000, 0x00000000ef800000, 0x0000000100000000)
  eden space 388096K, 0% used [0x00000000d5c00000,0x00000000d5c00000,0x00000000ed700000)
  from space 12800K, 66% used [0x00000000ee380000,0x00000000eebdb4f8,0x00000000ef000000)
  to   space 12800K, 0% used [0x00000000ed700000,0x00000000ed700000,0x00000000ee380000)
 ParOldGen       total 44544K, used 10994K [0x0000000081400000, 0x0000000083f80000, 0x00000000d5c00000)
  object space 44544K, 24% used [0x0000000081400000,0x0000000081ebc988,0x0000000083f80000)
 Metaspace       used 34197K, capacity 35252K, committed 35416K, reserved 1081344K
  class space    used 4266K, capacity 4494K, committed 4608K, reserved 1048576K
}
Event: 10.948 GC heap before
{Heap before GC invocations=12 (full 2):
 PSYoungGen      total 400896K, used 8557K [0x00000000d5c00000, 0x00000000ef800000, 0x0000000100000000)
  eden space 388096K, 0% used [0x00000000d5c00000,0x00000000d5c00000,0x00000000ed700000)
  from space 12800K, 66% used [0x00000000ee380000,0x00000000eebdb4f8,0x00000000ef000000)
  to   space 12800K, 0% used [0x00000000ed700000,0x00000000ed700000,0x00000000ee380000)
 ParOldGen       total 44544K, used 10994K [0x0000000081400000, 0x0000000083f80000, 0x00000000d5c00000)
  object space 44544K, 24% used [0x0000000081400000,0x0000000081ebc988,0x0000000083f80000)
 Metaspace       used 34197K, capacity 35252K, committed 35416K, reserved 1081344K
  class space    used 4266K, capacity 4494K, committed 4608K, reserved 1048576K
Event: 11.020 GC heap after
Heap after GC invocations=12 (full 2):
 PSYoungGen      total 400896K, used 0K [0x00000000d5c00000, 0x00000000ef800000, 0x0000000100000000)
  eden space 388096K, 0% used [0x00000000d5c00000,0x00000000d5c00000,0x00000000ed700000)
  from space 12800K, 0% used [0x00000000ee380000,0x00000000ee380000,0x00000000ef000000)
  to   space 12800K, 0% used [0x00000000ed700000,0x00000000ed700000,0x00000000ee380000)
 ParOldGen       total 62976K, used 16862K [0x0000000081400000, 0x0000000085180000, 0x00000000d5c00000)
  object space 62976K, 26% used [0x0000000081400000,0x00000000824778a0,0x0000000085180000)
 Metaspace       used 34197K, capacity 35252K, committed 35416K, reserved 1081344K
  class space    used 4266K, capacity 4494K, committed 4608K, reserved 1048576K
}
Event: 34.990 GC heap before
{Heap before GC invocations=13 (full 2):
 PSYoungGen      total 400896K, used 388096K [0x00000000d5c00000, 0x00000000ef800000, 0x0000000100000000)
  eden space 388096K, 100% used [0x00000000d5c00000,0x00000000ed700000,0x00000000ed700000)
  from space 12800K, 0% used [0x00000000ee380000,0x00000000ee380000,0x00000000ef000000)
  to   space 12800K, 0% used [0x00000000ed700000,0x00000000ed700000,0x00000000ee380000)
 ParOldGen       total 62976K, used 16862K [0x0000000081400000, 0x0000000085180000, 0x00000000d5c00000)
  object space 62976K, 26% used [0x0000000081400000,0x00000000824778a0,0x0000000085180000)
 Metaspace       used 49754K, capacity 51408K, committed 51712K, reserved 1093632K
  class space    used 6264K, capacity 6566K, committed 6656K, reserved 1048576K
Event: 35.013 GC heap after
Heap after GC invocations=13 (full 2):
 PSYoungGen      total 400896K, used 12774K [0x00000000d5c00000, 0x00000000fac00000, 0x0000000100000000)
  eden space 388096K, 0% used [0x00000000d5c00000,0x00000000d5c00000,0x00000000ed700000)
  from space 12800K, 99% used [0x00000000ed700000,0x00000000ee379988,0x00000000ee380000)
  to   space 16896K, 0% used [0x00000000f9b80000,0x00000000f9b80000,0x00000000fac00000)
 ParOldGen       total 62976K, used 23666K [0x0000000081400000, 0x0000000085180000, 0x00000000d5c00000)
  object space 62976K, 37% used [0x0000000081400000,0x0000000082b1c988,0x0000000085180000)
 Metaspace       used 49754K, capacity 51408K, committed 51712K, reserved 1093632K
  class space    used 6264K, capacity 6566K, committed 6656K, reserved 1048576K
}
Event: 45.258 GC heap before
{Heap before GC invocations=14 (full 2):
 PSYoungGen      total 400896K, used 179462K [0x00000000d5c00000, 0x00000000fac00000, 0x0000000100000000)
  eden space 388096K, 42% used [0x00000000d5c00000,0x00000000dfec8248,0x00000000ed700000)
  from space 12800K, 99% used [0x00000000ed700000,0x00000000ee379988,0x00000000ee380000)
  to   space 16896K, 0% used [0x00000000f9b80000,0x00000000f9b80000,0x00000000fac00000)
 ParOldGen       total 62976K, used 23666K [0x0000000081400000, 0x0000000085180000, 0x00000000d5c00000)
  object space 62976K, 37% used [0x0000000081400000,0x0000000082b1c988,0x0000000085180000)
 Metaspace       used 56959K, capacity 58680K, committed 59028K, reserved 1101824K
  class space    used 7331K, capacity 7656K, committed 7680K, reserved 1048576K
Event: 45.279 GC heap after
Heap after GC invocations=14 (full 2):
 PSYoungGen      total 569344K, used 8167K [0x00000000d5c00000, 0x00000000fa380000, 0x0000000100000000)
  eden space 561152K, 0% used [0x00000000d5c00000,0x00000000d5c00000,0x00000000f8000000)
  from space 8192K, 99% used [0x00000000f9b80000,0x00000000fa379d88,0x00000000fa380000)
  to   space 16384K, 0% used [0x00000000f8380000,0x00000000f8380000,0x00000000f9380000)
 ParOldGen       total 62976K, used 33043K [0x0000000081400000, 0x0000000085180000, 0x00000000d5c00000)
  object space 62976K, 52% used [0x0000000081400000,0x0000000083444fb0,0x0000000085180000)
 Metaspace       used 56959K, capacity 58680K, committed 59028K, reserved 1101824K
  class space    used 7331K, capacity 7656K, committed 7680K, reserved 1048576K
}
Event: 45.279 GC heap before
{Heap before GC invocations=15 (full 3):
 PSYoungGen      total 569344K, used 8167K [0x00000000d5c00000, 0x00000000fa380000, 0x0000000100000000)
  eden space 561152K, 0% used [0x00000000d5c00000,0x00000000d5c00000,0x00000000f8000000)
  from space 8192K, 99% used [0x00000000f9b80000,0x00000000fa379d88,0x00000000fa380000)
  to   space 16384K, 0% used [0x00000000f8380000,0x00000000f8380000,0x00000000f9380000)
 ParOldGen       total 62976K, used 33043K [0x0000000081400000, 0x0000000085180000, 0x00000000d5c00000)
  object space 62976K, 52% used [0x0000000081400000,0x0000000083444fb0,0x0000000085180000)
 Metaspace       used 56959K, capacity 58680K, committed 59028K, reserved 1101824K
  class space    used 7331K, capacity 7656K, committed 7680K, reserved 1048576K
Event: 45.523 GC heap after
Heap after GC invocations=15 (full 3):
 PSYoungGen      total 569344K, used 0K [0x00000000d5c00000, 0x00000000fa380000, 0x0000000100000000)
  eden space 561152K, 0% used [0x00000000d5c00000,0x00000000d5c00000,0x00000000f8000000)
  from space 8192K, 0% used [0x00000000f9b80000,0x00000000f9b80000,0x00000000fa380000)
  to   space 16384K, 0% used [0x00000000f8380000,0x00000000f8380000,0x00000000f9380000)
 ParOldGen       total 88064K, used 31368K [0x0000000081400000, 0x0000000086a00000, 0x00000000d5c00000)
  object space 88064K, 35% used [0x0000000081400000,0x00000000832a20c8,0x0000000086a00000)
 Metaspace       used 56959K, capacity 58680K, committed 59028K, reserved 1101824K
  class space    used 7331K, capacity 7656K, committed 7680K, reserved 1048576K
}

