# JRE version: Java(TM) SE Runtime Environment (8.0_161-b12) (build 1.8.0_161-b12)
# Java VM: Java HotSpot(TM) 64-Bit Server VM (25.161-b12 mixed mode windows-amd64 compressed oops)
Heap:
 PSYoungGen      total 279552K, used 71964K [0x00000000d5c00000, 0x00000000e7c80000, 0x0000000100000000)
  eden space 268800K, 22% used [0x00000000d5c00000,0x00000000d97ca3e8,0x00000000e6280000)
  from space 10752K, 99% used [0x00000000e6280000,0x00000000e6cfcf28,0x00000000e6d00000)
  to   space 10240K, 0% used [0x00000000e6d00000,0x00000000e6d00000,0x00000000e7700000)
 ParOldGen       total 72704K, used 16286K [0x0000000081400000, 0x0000000085b00000, 0x00000000d5c00000)
  object space 72704K, 22% used [0x0000000081400000,0x00000000823e7910,0x0000000085b00000)
 Metaspace       used 45157K, capacity 46773K, committed 46936K, reserved 1089536K
  class space    used 5676K, capacity 5969K, committed 6016K, reserved 1048576K
GC Heap History (10 events):
Event: 12.725 GC heap before
{Heap before GC invocations=11 (full 1):
 PSYoungGen      total 140800K, used 140019K [0x00000000d5c00000, 0x00000000e2b80000, 0x0000000100000000)
  eden space 132096K, 100% used [0x00000000d5c00000,0x00000000ddd00000,0x00000000ddd00000)
  from space 8704K, 91% used [0x00000000ddd00000,0x00000000de4bcd58,0x00000000de580000)
  to   space 9728K, 0% used [0x00000000e2200000,0x00000000e2200000,0x00000000e2b80000)
 ParOldGen       total 49664K, used 6407K [0x0000000081400000, 0x0000000084480000, 0x00000000d5c00000)
  object space 49664K, 12% used [0x0000000081400000,0x0000000081a41c60,0x0000000084480000)
 Metaspace       used 29189K, capacity 29944K, committed 30208K, reserved 1075200K
  class space    used 3599K, capacity 3782K, committed 3840K, reserved 1048576K
Event: 12.741 GC heap after
Heap after GC invocations=11 (full 1):
 PSYoungGen      total 199168K, used 8223K [0x00000000d5c00000, 0x00000000e2a80000, 0x0000000100000000)
  eden space 190464K, 0% used [0x00000000d5c00000,0x00000000d5c00000,0x00000000e1600000)
  from space 8704K, 94% used [0x00000000e2200000,0x00000000e2a07d00,0x00000000e2a80000)
  to   space 10240K, 0% used [0x00000000e1680000,0x00000000e1680000,0x00000000e2080000)
 ParOldGen       total 49664K, used 6415K [0x0000000081400000, 0x0000000084480000, 0x00000000d5c00000)
  object space 49664K, 12% used [0x0000000081400000,0x0000000081a43c60,0x0000000084480000)
 Metaspace       used 29189K, capacity 29944K, committed 30208K, reserved 1075200K
  class space    used 3599K, capacity 3782K, committed 3840K, reserved 1048576K
}
Event: 15.872 GC heap before
{Heap before GC invocations=12 (full 1):
 PSYoungGen      total 199168K, used 198687K [0x00000000d5c00000, 0x00000000e2a80000, 0x0000000100000000)
  eden space 190464K, 100% used [0x00000000d5c00000,0x00000000e1600000,0x00000000e1600000)
  from space 8704K, 94% used [0x00000000e2200000,0x00000000e2a07d00,0x00000000e2a80000)
  to   space 10240K, 0% used [0x00000000e1680000,0x00000000e1680000,0x00000000e2080000)
 ParOldGen       total 49664K, used 6415K [0x0000000081400000, 0x0000000084480000, 0x00000000d5c00000)
  object space 49664K, 12% used [0x0000000081400000,0x0000000081a43c60,0x0000000084480000)
 Metaspace       used 33841K, capacity 34890K, committed 35200K, reserved 1079296K
  class space    used 4187K, capacity 4437K, committed 4480K, reserved 1048576K
Event: 15.891 GC heap after
Heap after GC invocations=12 (full 1):
 PSYoungGen      total 201216K, used 7559K [0x00000000d5c00000, 0x00000000e7700000, 0x0000000100000000)
  eden space 190976K, 0% used [0x00000000d5c00000,0x00000000d5c00000,0x00000000e1680000)
  from space 10240K, 73% used [0x00000000e1680000,0x00000000e1de1d88,0x00000000e2080000)
  to   space 10240K, 0% used [0x00000000e6d00000,0x00000000e6d00000,0x00000000e7700000)
 ParOldGen       total 49664K, used 11897K [0x0000000081400000, 0x0000000084480000, 0x00000000d5c00000)
  object space 49664K, 23% used [0x0000000081400000,0x0000000081f9e788,0x0000000084480000)
 Metaspace       used 33841K, capacity 34890K, committed 35200K, reserved 1079296K
  class space    used 4187K, capacity 4437K, committed 4480K, reserved 1048576K
}
Event: 16.098 GC heap before
{Heap before GC invocations=13 (full 1):
 PSYoungGen      total 201216K, used 25264K [0x00000000d5c00000, 0x00000000e7700000, 0x0000000100000000)
  eden space 190976K, 9% used [0x00000000d5c00000,0x00000000d6d4a288,0x00000000e1680000)
  from space 10240K, 73% used [0x00000000e1680000,0x00000000e1de1d88,0x00000000e2080000)
  to   space 10240K, 0% used [0x00000000e6d00000,0x00000000e6d00000,0x00000000e7700000)
 ParOldGen       total 49664K, used 11897K [0x0000000081400000, 0x0000000084480000, 0x00000000d5c00000)
  object space 49664K, 23% used [0x0000000081400000,0x0000000081f9e788,0x0000000084480000)
 Metaspace       used 34188K, capacity 35241K, committed 35416K, reserved 1081344K
  class space    used 4243K, capacity 4480K, committed 4480K, reserved 1048576K
Event: 16.105 GC heap after
Heap after GC invocations=13 (full 1):
 PSYoungGen      total 279040K, used 768K [0x00000000d5c00000, 0x00000000e7c80000, 0x0000000100000000)
  eden space 268800K, 0% used [0x00000000d5c00000,0x00000000d5c00000,0x00000000e6280000)
  from space 10240K, 7% used [0x00000000e6d00000,0x00000000e6dc0000,0x00000000e7700000)
  to   space 10752K, 0% used [0x00000000e6280000,0x00000000e6280000,0x00000000e6d00000)
 ParOldGen       total 49664K, used 15081K [0x0000000081400000, 0x0000000084480000, 0x00000000d5c00000)
  object space 49664K, 30% used [0x0000000081400000,0x00000000822ba7d0,0x0000000084480000)
 Metaspace       used 34188K, capacity 35241K, committed 35416K, reserved 1081344K
  class space    used 4243K, capacity 4480K, committed 4480K, reserved 1048576K
}
Event: 16.105 GC heap before
{Heap before GC invocations=14 (full 2):
 PSYoungGen      total 279040K, used 768K [0x00000000d5c00000, 0x00000000e7c80000, 0x0000000100000000)
  eden space 268800K, 0% used [0x00000000d5c00000,0x00000000d5c00000,0x00000000e6280000)
  from space 10240K, 7% used [0x00000000e6d00000,0x00000000e6dc0000,0x00000000e7700000)
  to   space 10752K, 0% used [0x00000000e6280000,0x00000000e6280000,0x00000000e6d00000)
 ParOldGen       total 49664K, used 15081K [0x0000000081400000, 0x0000000084480000, 0x00000000d5c00000)
  object space 49664K, 30% used [0x0000000081400000,0x00000000822ba7d0,0x0000000084480000)
 Metaspace       used 34188K, capacity 35241K, committed 35416K, reserved 1081344K
  class space    used 4243K, capacity 4480K, committed 4480K, reserved 1048576K
Event: 16.209 GC heap after
Heap after GC invocations=14 (full 2):
 PSYoungGen      total 279040K, used 0K [0x00000000d5c00000, 0x00000000e7c80000, 0x0000000100000000)
  eden space 268800K, 0% used [0x00000000d5c00000,0x00000000d5c00000,0x00000000e6280000)
  from space 10240K, 0% used [0x00000000e6d00000,0x00000000e6d00000,0x00000000e7700000)
  to   space 10752K, 0% used [0x00000000e6280000,0x00000000e6280000,0x00000000e6d00000)
 ParOldGen       total 72704K, used 14409K [0x0000000081400000, 0x0000000085b00000, 0x00000000d5c00000)
  object space 72704K, 19% used [0x0000000081400000,0x0000000082212690,0x0000000085b00000)
 Metaspace       used 34188K, capacity 35241K, committed 35416K, reserved 1081344K
  class space    used 4243K, capacity 4480K, committed 4480K, reserved 1048576K
}
Event: 20.575 GC heap before
{Heap before GC invocations=15 (full 2):
 PSYoungGen      total 279040K, used 268800K [0x00000000d5c00000, 0x00000000e7c80000, 0x0000000100000000)
  eden space 268800K, 100% used [0x00000000d5c00000,0x00000000e6280000,0x00000000e6280000)
  from space 10240K, 0% used [0x00000000e6d00000,0x00000000e6d00000,0x00000000e7700000)
  to   space 10752K, 0% used [0x00000000e6280000,0x00000000e6280000,0x00000000e6d00000)
 ParOldGen       total 72704K, used 14409K [0x0000000081400000, 0x0000000085b00000, 0x00000000d5c00000)
  object space 72704K, 19% used [0x0000000081400000,0x0000000082212690,0x0000000085b00000)
 Metaspace       used 42833K, capacity 44395K, committed 44760K, reserved 1089536K
  class space    used 5222K, capacity 5518K, committed 5632K, reserved 1048576K
Event: 20.595 GC heap after
Heap after GC invocations=15 (full 2):
 PSYoungGen      total 279552K, used 10739K [0x00000000d5c00000, 0x00000000e7c80000, 0x0000000100000000)
  eden space 268800K, 0% used [0x00000000d5c00000,0x00000000d5c00000,0x00000000e6280000)
  from space 10752K, 99% used [0x00000000e6280000,0x00000000e6cfcf28,0x00000000e6d00000)
  to   space 10240K, 0% used [0x00000000e6d00000,0x00000000e6d00000,0x00000000e7700000)
 ParOldGen       total 72704K, used 16286K [0x0000000081400000, 0x0000000085b00000, 0x00000000d5c00000)
  object space 72704K, 22% used [0x0000000081400000,0x00000000823e7910,0x0000000085b00000)
 Metaspace       used 42833K, capacity 44395K, committed 44760K, reserved 1089536K
  class space    used 5222K, capacity 5518K, committed 5632K, reserved 1048576K
}

