# JRE version: Java(TM) SE Runtime Environment (8.0_161-b12) (build 1.8.0_161-b12)
# Java VM: Java HotSpot(TM) 64-Bit Server VM (25.161-b12 mixed mode windows-amd64 compressed oops)
Heap:
 PSYoungGen      total 519680K, used 223207K [0x00000000d5c00000, 0x00000000f9580000, 0x0000000100000000)
  eden space 519168K, 42% used [0x00000000d5c00000,0x00000000e35c9c18,0x00000000f5700000)
  from space 512K, 37% used [0x00000000f9500000,0x00000000f9530000,0x00000000f9580000)
  to   space 20992K, 0% used [0x00000000f6c80000,0x00000000f6c80000,0x00000000f8100000)
 ParOldGen       total 102400K, used 44283K [0x0000000081400000, 0x0000000087800000, 0x00000000d5c00000)
  object space 102400K, 43% used [0x0000000081400000,0x0000000083f3ee80,0x0000000087800000)
 Metaspace       used 79681K, capacity 82474K, committed 82688K, reserved 1122304K
  class space    used 10209K, capacity 10695K, committed 10752K, reserved 1048576K
GC Heap History (10 events):
Event: 77.428 GC heap before
{Heap before GC invocations=19 (full 3):
 PSYoungGen      total 374784K, used 356352K [0x00000000d5c00000, 0x00000000f5780000, 0x0000000100000000)
  eden space 356352K, 100% used [0x00000000d5c00000,0x00000000eb800000,0x00000000eb800000)
  from space 18432K, 0% used [0x00000000eb800000,0x00000000eb800000,0x00000000eca00000)
  to   space 18432K, 0% used [0x00000000f4580000,0x00000000f4580000,0x00000000f5780000)
 ParOldGen       total 102400K, used 28224K [0x0000000081400000, 0x0000000087800000, 0x00000000d5c00000)
  object space 102400K, 27% used [0x0000000081400000,0x0000000082f90300,0x0000000087800000)
 Metaspace       used 73007K, capacity 75346K, committed 75648K, reserved 1116160K
  class space    used 9311K, capacity 9741K, committed 9856K, reserved 1048576K
Event: 77.492 GC heap after
Heap after GC invocations=19 (full 3):
 PSYoungGen      total 497152K, used 18413K [0x00000000d5c00000, 0x00000000f6180000, 0x0000000100000000)
  eden space 478720K, 0% used [0x00000000d5c00000,0x00000000d5c00000,0x00000000f2f80000)
  from space 18432K, 99% used [0x00000000f4580000,0x00000000f577b640,0x00000000f5780000)
  to   space 22528K, 0% used [0x00000000f2f80000,0x00000000f2f80000,0x00000000f4580000)
 ParOldGen       total 102400K, used 31028K [0x0000000081400000, 0x0000000087800000, 0x00000000d5c00000)
  object space 102400K, 30% used [0x0000000081400000,0x000000008324d1c0,0x0000000087800000)
 Metaspace       used 73007K, capacity 75346K, committed 75648K, reserved 1116160K
  class space    used 9311K, capacity 9741K, committed 9856K, reserved 1048576K
}
Event: 366.022 GC heap before
{Heap before GC invocations=20 (full 3):
 PSYoungGen      total 497152K, used 497133K [0x00000000d5c00000, 0x00000000f6180000, 0x0000000100000000)
  eden space 478720K, 100% used [0x00000000d5c00000,0x00000000f2f80000,0x00000000f2f80000)
  from space 18432K, 99% used [0x00000000f4580000,0x00000000f577b640,0x00000000f5780000)
  to   space 22528K, 0% used [0x00000000f2f80000,0x00000000f2f80000,0x00000000f4580000)
 ParOldGen       total 102400K, used 31028K [0x0000000081400000, 0x0000000087800000, 0x00000000d5c00000)
  object space 102400K, 30% used [0x0000000081400000,0x000000008324d1c0,0x0000000087800000)
 Metaspace       used 78034K, capacity 80752K, committed 80896K, reserved 1120256K
  class space    used 9990K, capacity 10466K, committed 10496K, reserved 1048576K
Event: 366.428 GC heap after
Heap after GC invocations=20 (full 3):
 PSYoungGen      total 501248K, used 7536K [0x00000000d5c00000, 0x00000000fbe80000, 0x0000000100000000)
  eden space 478720K, 0% used [0x00000000d5c00000,0x00000000d5c00000,0x00000000f2f80000)
  from space 22528K, 33% used [0x00000000f2f80000,0x00000000f36dc0a8,0x00000000f4580000)
  to   space 21504K, 0% used [0x00000000fa980000,0x00000000fa980000,0x00000000fbe80000)
 ParOldGen       total 102400K, used 40607K [0x0000000081400000, 0x0000000087800000, 0x00000000d5c00000)
  object space 102400K, 39% used [0x0000000081400000,0x0000000083ba7d88,0x0000000087800000)
 Metaspace       used 78034K, capacity 80752K, committed 80896K, reserved 1120256K
  class space    used 9990K, capacity 10466K, committed 10496K, reserved 1048576K
}
Event: 804.911 GC heap before
{Heap before GC invocations=21 (full 3):
 PSYoungGen      total 501248K, used 486256K [0x00000000d5c00000, 0x00000000fbe80000, 0x0000000100000000)
  eden space 478720K, 100% used [0x00000000d5c00000,0x00000000f2f80000,0x00000000f2f80000)
  from space 22528K, 33% used [0x00000000f2f80000,0x00000000f36dc0a8,0x00000000f4580000)
  to   space 21504K, 0% used [0x00000000fa980000,0x00000000fa980000,0x00000000fbe80000)
 ParOldGen       total 102400K, used 40607K [0x0000000081400000, 0x0000000087800000, 0x00000000d5c00000)
  object space 102400K, 39% used [0x0000000081400000,0x0000000083ba7d88,0x0000000087800000)
 Metaspace       used 78099K, capacity 80758K, committed 80896K, reserved 1120256K
  class space    used 9990K, capacity 10467K, committed 10496K, reserved 1048576K
Event: 804.992 GC heap after
Heap after GC invocations=21 (full 3):
 PSYoungGen      total 576000K, used 288K [0x00000000d5c00000, 0x00000000fb100000, 0x0000000100000000)
  eden space 568320K, 0% used [0x00000000d5c00000,0x00000000d5c00000,0x00000000f8700000)
  from space 7680K, 3% used [0x00000000fa980000,0x00000000fa9c8000,0x00000000fb100000)
  to   space 21504K, 0% used [0x00000000f8700000,0x00000000f8700000,0x00000000f9c00000)
 ParOldGen       total 102400K, used 44267K [0x0000000081400000, 0x0000000087800000, 0x00000000d5c00000)
  object space 102400K, 43% used [0x0000000081400000,0x0000000083f3ae80,0x0000000087800000)
 Metaspace       used 78099K, capacity 80758K, committed 80896K, reserved 1120256K
  class space    used 9990K, capacity 10467K, committed 10496K, reserved 1048576K
}
Event: 1335.690 GC heap before
{Heap before GC invocations=22 (full 3):
 PSYoungGen      total 576000K, used 568608K [0x00000000d5c00000, 0x00000000fb100000, 0x0000000100000000)
  eden space 568320K, 100% used [0x00000000d5c00000,0x00000000f8700000,0x00000000f8700000)
  from space 7680K, 3% used [0x00000000fa980000,0x00000000fa9c8000,0x00000000fb100000)
  to   space 21504K, 0% used [0x00000000f8700000,0x00000000f8700000,0x00000000f9c00000)
 ParOldGen       total 102400K, used 44267K [0x0000000081400000, 0x0000000087800000, 0x00000000d5c00000)
  object space 102400K, 43% used [0x0000000081400000,0x0000000083f3ae80,0x0000000087800000)
 Metaspace       used 78131K, capacity 80782K, committed 80896K, reserved 1120256K
  class space    used 9992K, capacity 10471K, committed 10496K, reserved 1048576K
Event: 1337.316 GC heap after
Heap after GC invocations=22 (full 3):
 PSYoungGen      total 543744K, used 160K [0x00000000d5c00000, 0x00000000faa00000, 0x0000000100000000)
  eden space 543232K, 0% used [0x00000000d5c00000,0x00000000d5c00000,0x00000000f6e80000)
  from space 512K, 31% used [0x00000000f8700000,0x00000000f8728000,0x00000000f8780000)
  to   space 21504K, 0% used [0x00000000f9500000,0x00000000f9500000,0x00000000faa00000)
 ParOldGen       total 102400K, used 44275K [0x0000000081400000, 0x0000000087800000, 0x00000000d5c00000)
  object space 102400K, 43% used [0x0000000081400000,0x0000000083f3ce80,0x0000000087800000)
 Metaspace       used 78131K, capacity 80782K, committed 80896K, reserved 1120256K
  class space    used 9992K, capacity 10471K, committed 10496K, reserved 1048576K
}
Event: 1852.022 GC heap before
{Heap before GC invocations=23 (full 3):
 PSYoungGen      total 543744K, used 543392K [0x00000000d5c00000, 0x00000000faa00000, 0x0000000100000000)
  eden space 543232K, 100% used [0x00000000d5c00000,0x00000000f6e80000,0x00000000f6e80000)
  from space 512K, 31% used [0x00000000f8700000,0x00000000f8728000,0x00000000f8780000)
  to   space 21504K, 0% used [0x00000000f9500000,0x00000000f9500000,0x00000000faa00000)
 ParOldGen       total 102400K, used 44275K [0x0000000081400000, 0x0000000087800000, 0x00000000d5c00000)
  object space 102400K, 43% used [0x0000000081400000,0x0000000083f3ce80,0x0000000087800000)
 Metaspace       used 78151K, capacity 80846K, committed 80896K, reserved 1120256K
  class space    used 9992K, capacity 10471K, committed 10496K, reserved 1048576K
Event: 1853.047 GC heap after
Heap after GC invocations=23 (full 3):
 PSYoungGen      total 519680K, used 192K [0x00000000d5c00000, 0x00000000f9580000, 0x0000000100000000)
  eden space 519168K, 0% used [0x00000000d5c00000,0x00000000d5c00000,0x00000000f5700000)
  from space 512K, 37% used [0x00000000f9500000,0x00000000f9530000,0x00000000f9580000)
  to   space 20992K, 0% used [0x00000000f6c80000,0x00000000f6c80000,0x00000000f8100000)
 ParOldGen       total 102400K, used 44283K [0x0000000081400000, 0x0000000087800000, 0x00000000d5c00000)
  object space 102400K, 43% used [0x0000000081400000,0x0000000083f3ee80,0x0000000087800000)
 Metaspace       used 78151K, capacity 80846K, committed 80896K, reserved 1120256K
  class space    used 9992K, capacity 10471K, committed 10496K, reserved 1048576K
}

