# JRE version: Java(TM) SE Runtime Environment (8.0_161-b12) (build 1.8.0_161-b12)
# Java VM: Java HotSpot(TM) 64-Bit Server VM (25.161-b12 mixed mode windows-amd64 compressed oops)
Heap:
 PSYoungGen      total 594944K, used 333906K [0x00000000d5c00000, 0x00000000fb880000, 0x0000000100000000)
  eden space 570880K, 58% used [0x00000000d5c00000,0x00000000ea2148a0,0x00000000f8980000)
  from space 24064K, 0% used [0x00000000fa100000,0x00000000fa100000,0x00000000fb880000)
  to   space 24064K, 0% used [0x00000000f8980000,0x00000000f8980000,0x00000000fa100000)
 ParOldGen       total 103936K, used 40425K [0x0000000081400000, 0x0000000087980000, 0x00000000d5c00000)
  object space 103936K, 38% used [0x0000000081400000,0x0000000083b7a500,0x0000000087980000)
 Metaspace       used 89154K, capacity 92609K, committed 92888K, reserved 1130496K
  class space    used 11081K, capacity 11679K, committed 11776K, reserved 1048576K
GC Heap History (10 events):
Event: 63.217 GC heap before
{Heap before GC invocations=18 (full 3):
 PSYoungGen      total 374272K, used 818K [0x00000000d5c00000, 0x00000000f5580000, 0x0000000100000000)
  eden space 356352K, 0% used [0x00000000d5c00000,0x00000000d5c00000,0x00000000eb800000)
  from space 17920K, 4% used [0x00000000eb800000,0x00000000eb8cc9c0,0x00000000ec980000)
  to   space 18432K, 0% used [0x00000000f4380000,0x00000000f4380000,0x00000000f5580000)
 ParOldGen       total 73216K, used 34043K [0x0000000081400000, 0x0000000085b80000, 0x00000000d5c00000)
  object space 73216K, 46% used [0x0000000081400000,0x000000008353ee70,0x0000000085b80000)
 Metaspace       used 56932K, capacity 58691K, committed 59028K, reserved 1101824K
  class space    used 7274K, capacity 7624K, committed 7680K, reserved 1048576K
Event: 63.508 GC heap after
Heap after GC invocations=18 (full 3):
 PSYoungGen      total 374272K, used 0K [0x00000000d5c00000, 0x00000000f5580000, 0x0000000100000000)
  eden space 356352K, 0% used [0x00000000d5c00000,0x00000000d5c00000,0x00000000eb800000)
  from space 17920K, 0% used [0x00000000eb800000,0x00000000eb800000,0x00000000ec980000)
  to   space 18432K, 0% used [0x00000000f4380000,0x00000000f4380000,0x00000000f5580000)
 ParOldGen       total 103936K, used 27780K [0x0000000081400000, 0x0000000087980000, 0x00000000d5c00000)
  object space 103936K, 26% used [0x0000000081400000,0x0000000082f212c0,0x0000000087980000)
 Metaspace       used 56932K, capacity 58691K, committed 59028K, reserved 1101824K
  class space    used 7274K, capacity 7624K, committed 7680K, reserved 1048576K
}
Event: 74.961 GC heap before
{Heap before GC invocations=19 (full 3):
 PSYoungGen      total 374272K, used 356352K [0x00000000d5c00000, 0x00000000f5580000, 0x0000000100000000)
  eden space 356352K, 100% used [0x00000000d5c00000,0x00000000eb800000,0x00000000eb800000)
  from space 17920K, 0% used [0x00000000eb800000,0x00000000eb800000,0x00000000ec980000)
  to   space 18432K, 0% used [0x00000000f4380000,0x00000000f4380000,0x00000000f5580000)
 ParOldGen       total 103936K, used 27780K [0x0000000081400000, 0x0000000087980000, 0x00000000d5c00000)
  object space 103936K, 26% used [0x0000000081400000,0x0000000082f212c0,0x0000000087980000)
 Metaspace       used 72592K, capacity 74851K, committed 74968K, reserved 1114112K
  class space    used 9245K, capacity 9658K, committed 9728K, reserved 1048576K
Event: 74.985 GC heap after
Heap after GC invocations=19 (full 3):
 PSYoungGen      total 495104K, used 18403K [0x00000000d5c00000, 0x00000000f5880000, 0x0000000100000000)
  eden space 476672K, 0% used [0x00000000d5c00000,0x00000000d5c00000,0x00000000f2d80000)
  from space 18432K, 99% used [0x00000000f4380000,0x00000000f5578c70,0x00000000f5580000)
  to   space 22016K, 0% used [0x00000000f2d80000,0x00000000f2d80000,0x00000000f4300000)
 ParOldGen       total 103936K, used 29476K [0x0000000081400000, 0x0000000087980000, 0x00000000d5c00000)
  object space 103936K, 28% used [0x0000000081400000,0x00000000830c9280,0x0000000087980000)
 Metaspace       used 72592K, capacity 74851K, committed 74968K, reserved 1114112K
  class space    used 9245K, capacity 9658K, committed 9728K, reserved 1048576K
}
Event: 175.095 GC heap before
{Heap before GC invocations=20 (full 3):
 PSYoungGen      total 495104K, used 495075K [0x00000000d5c00000, 0x00000000f5880000, 0x0000000100000000)
  eden space 476672K, 100% used [0x00000000d5c00000,0x00000000f2d80000,0x00000000f2d80000)
  from space 18432K, 99% used [0x00000000f4380000,0x00000000f5578c70,0x00000000f5580000)
  to   space 22016K, 0% used [0x00000000f2d80000,0x00000000f2d80000,0x00000000f4300000)
 ParOldGen       total 103936K, used 29476K [0x0000000081400000, 0x0000000087980000, 0x00000000d5c00000)
  object space 103936K, 28% used [0x0000000081400000,0x00000000830c9280,0x0000000087980000)
 Metaspace       used 86350K, capacity 89531K, committed 89816K, reserved 1128448K
  class space    used 10885K, capacity 11437K, committed 11520K, reserved 1048576K
Event: 175.133 GC heap after
Heap after GC invocations=20 (full 3):
 PSYoungGen      total 498688K, used 18087K [0x00000000d5c00000, 0x00000000fb880000, 0x0000000100000000)
  eden space 476672K, 0% used [0x00000000d5c00000,0x00000000d5c00000,0x00000000f2d80000)
  from space 22016K, 82% used [0x00000000f2d80000,0x00000000f3f29fb0,0x00000000f4300000)
  to   space 24064K, 0% used [0x00000000fa100000,0x00000000fa100000,0x00000000fb880000)
 ParOldGen       total 103936K, used 38275K [0x0000000081400000, 0x0000000087980000, 0x00000000d5c00000)
  object space 103936K, 36% used [0x0000000081400000,0x0000000083960e08,0x0000000087980000)
 Metaspace       used 86350K, capacity 89531K, committed 89816K, reserved 1128448K
  class space    used 10885K, capacity 11437K, committed 11520K, reserved 1048576K
}
Event: 338.982 GC heap before
{Heap before GC invocations=21 (full 3):
 PSYoungGen      total 498688K, used 327388K [0x00000000d5c00000, 0x00000000fb880000, 0x0000000100000000)
  eden space 476672K, 64% used [0x00000000d5c00000,0x00000000e8a0d260,0x00000000f2d80000)
  from space 22016K, 82% used [0x00000000f2d80000,0x00000000f3f29fb0,0x00000000f4300000)
  to   space 24064K, 0% used [0x00000000fa100000,0x00000000fa100000,0x00000000fb880000)
 ParOldGen       total 103936K, used 38275K [0x0000000081400000, 0x0000000087980000, 0x00000000d5c00000)
  object space 103936K, 36% used [0x0000000081400000,0x0000000083960e08,0x0000000087980000)
 Metaspace       used 87831K, capacity 91325K, committed 91480K, reserved 1128448K
  class space    used 10978K, capacity 11579K, committed 11648K, reserved 1048576K
Event: 339.000 GC heap after
Heap after GC invocations=21 (full 3):
 PSYoungGen      total 594944K, used 2816K [0x00000000d5c00000, 0x00000000fb880000, 0x0000000100000000)
  eden space 570880K, 0% used [0x00000000d5c00000,0x00000000d5c00000,0x00000000f8980000)
  from space 24064K, 11% used [0x00000000fa100000,0x00000000fa3c0010,0x00000000fb880000)
  to   space 24064K, 0% used [0x00000000f8980000,0x00000000f8980000,0x00000000fa100000)
 ParOldGen       total 103936K, used 45515K [0x0000000081400000, 0x0000000087980000, 0x00000000d5c00000)
  object space 103936K, 43% used [0x0000000081400000,0x0000000084072f90,0x0000000087980000)
 Metaspace       used 87831K, capacity 91325K, committed 91480K, reserved 1128448K
  class space    used 10978K, capacity 11579K, committed 11648K, reserved 1048576K
}
Event: 339.000 GC heap before
{Heap before GC invocations=22 (full 4):
 PSYoungGen      total 594944K, used 2816K [0x00000000d5c00000, 0x00000000fb880000, 0x0000000100000000)
  eden space 570880K, 0% used [0x00000000d5c00000,0x00000000d5c00000,0x00000000f8980000)
  from space 24064K, 11% used [0x00000000fa100000,0x00000000fa3c0010,0x00000000fb880000)
  to   space 24064K, 0% used [0x00000000f8980000,0x00000000f8980000,0x00000000fa100000)
 ParOldGen       total 103936K, used 45515K [0x0000000081400000, 0x0000000087980000, 0x00000000d5c00000)
  object space 103936K, 43% used [0x0000000081400000,0x0000000084072f90,0x0000000087980000)
 Metaspace       used 87831K, capacity 91325K, committed 91480K, reserved 1128448K
  class space    used 10978K, capacity 11579K, committed 11648K, reserved 1048576K
Event: 341.753 GC heap after
Heap after GC invocations=22 (full 4):
 PSYoungGen      total 594944K, used 0K [0x00000000d5c00000, 0x00000000fb880000, 0x0000000100000000)
  eden space 570880K, 0% used [0x00000000d5c00000,0x00000000d5c00000,0x00000000f8980000)
  from space 24064K, 0% used [0x00000000fa100000,0x00000000fa100000,0x00000000fb880000)
  to   space 24064K, 0% used [0x00000000f8980000,0x00000000f8980000,0x00000000fa100000)
 ParOldGen       total 103936K, used 40425K [0x0000000081400000, 0x0000000087980000, 0x00000000d5c00000)
  object space 103936K, 38% used [0x0000000081400000,0x0000000083b7a500,0x0000000087980000)
 Metaspace       used 87616K, capacity 90983K, committed 91480K, reserved 1128448K
  class space    used 10946K, capacity 11522K, committed 11648K, reserved 1048576K
}

