# JRE version: Java(TM) SE Runtime Environment (8.0_161-b12) (build 1.8.0_161-b12)
# Java VM: Java HotSpot(TM) 64-Bit Server VM (25.161-b12 mixed mode windows-amd64 compressed oops)
Heap:
 PSYoungGen      total 260608K, used 36004K [0x00000000d5c00000, 0x00000000e6f00000, 0x0000000100000000)
  eden space 249856K, 10% used [0x00000000d5c00000,0x00000000d74aa4e0,0x00000000e5000000)
  from space 10752K, 99% used [0x00000000e5a00000,0x00000000e647ecb8,0x00000000e6480000)
  to   space 8192K, 0% used [0x00000000e6700000,0x00000000e6700000,0x00000000e6f00000)
 ParOldGen       total 64000K, used 18177K [0x0000000081400000, 0x0000000085280000, 0x00000000d5c00000)
  object space 64000K, 28% used [0x0000000081400000,0x00000000825c04a8,0x0000000085280000)
 Metaspace       used 43382K, capacity 44996K, committed 45184K, reserved 1089536K
  class space    used 5388K, capacity 5676K, committed 5760K, reserved 1048576K
GC Heap History (10 events):
Event: 14.610 GC heap before
{Heap before GC invocations=9 (full 1):
 PSYoungGen      total 141824K, used 131584K [0x00000000d5c00000, 0x00000000e7100000, 0x0000000100000000)
  eden space 131584K, 100% used [0x00000000d5c00000,0x00000000ddc80000,0x00000000ddc80000)
  from space 10240K, 0% used [0x00000000ddc80000,0x00000000ddc80000,0x00000000de680000)
  to   space 10240K, 0% used [0x00000000e6700000,0x00000000e6700000,0x00000000e7100000)
 ParOldGen       total 45056K, used 5412K [0x0000000081400000, 0x0000000084000000, 0x00000000d5c00000)
  object space 45056K, 12% used [0x0000000081400000,0x0000000081949028,0x0000000084000000)
 Metaspace       used 26331K, capacity 26924K, committed 27008K, reserved 1073152K
  class space    used 3282K, capacity 3455K, committed 3456K, reserved 1048576K
Event: 14.620 GC heap after
Heap after GC invocations=9 (full 1):
 PSYoungGen      total 258048K, used 8072K [0x00000000d5c00000, 0x00000000e6f00000, 0x0000000100000000)
  eden space 249856K, 0% used [0x00000000d5c00000,0x00000000d5c00000,0x00000000e5000000)
  from space 8192K, 98% used [0x00000000e6700000,0x00000000e6ee23b0,0x00000000e6f00000)
  to   space 10752K, 0% used [0x00000000e5a00000,0x00000000e5a00000,0x00000000e6480000)
 ParOldGen       total 45056K, used 5420K [0x0000000081400000, 0x0000000084000000, 0x00000000d5c00000)
  object space 45056K, 12% used [0x0000000081400000,0x000000008194b028,0x0000000084000000)
 Metaspace       used 26331K, capacity 26924K, committed 27008K, reserved 1073152K
  class space    used 3282K, capacity 3455K, committed 3456K, reserved 1048576K
}
Event: 18.696 GC heap before
{Heap before GC invocations=10 (full 1):
 PSYoungGen      total 258048K, used 257928K [0x00000000d5c00000, 0x00000000e6f00000, 0x0000000100000000)
  eden space 249856K, 100% used [0x00000000d5c00000,0x00000000e5000000,0x00000000e5000000)
  from space 8192K, 98% used [0x00000000e6700000,0x00000000e6ee23b0,0x00000000e6f00000)
  to   space 10752K, 0% used [0x00000000e5a00000,0x00000000e5a00000,0x00000000e6480000)
 ParOldGen       total 45056K, used 5420K [0x0000000081400000, 0x0000000084000000, 0x00000000d5c00000)
  object space 45056K, 12% used [0x0000000081400000,0x000000008194b028,0x0000000084000000)
 Metaspace       used 31023K, capacity 31988K, committed 32128K, reserved 1077248K
  class space    used 3848K, capacity 4104K, committed 4224K, reserved 1048576K
Event: 18.717 GC heap after
Heap after GC invocations=10 (full 1):
 PSYoungGen      total 260608K, used 10724K [0x00000000d5c00000, 0x00000000e6f00000, 0x0000000100000000)
  eden space 249856K, 0% used [0x00000000d5c00000,0x00000000d5c00000,0x00000000e5000000)
  from space 10752K, 99% used [0x00000000e5a00000,0x00000000e64793c8,0x00000000e6480000)
  to   space 8192K, 0% used [0x00000000e6700000,0x00000000e6700000,0x00000000e6f00000)
 ParOldGen       total 45056K, used 7277K [0x0000000081400000, 0x0000000084000000, 0x00000000d5c00000)
  object space 45056K, 16% used [0x0000000081400000,0x0000000081b1b6b8,0x0000000084000000)
 Metaspace       used 31023K, capacity 31988K, committed 32128K, reserved 1077248K
  class space    used 3848K, capacity 4104K, committed 4224K, reserved 1048576K
}
Event: 20.422 GC heap before
{Heap before GC invocations=11 (full 1):
 PSYoungGen      total 260608K, used 99176K [0x00000000d5c00000, 0x00000000e6f00000, 0x0000000100000000)
  eden space 249856K, 35% used [0x00000000d5c00000,0x00000000db261020,0x00000000e5000000)
  from space 10752K, 99% used [0x00000000e5a00000,0x00000000e64793c8,0x00000000e6480000)
  to   space 8192K, 0% used [0x00000000e6700000,0x00000000e6700000,0x00000000e6f00000)
 ParOldGen       total 45056K, used 7277K [0x0000000081400000, 0x0000000084000000, 0x00000000d5c00000)
  object space 45056K, 16% used [0x0000000081400000,0x0000000081b1b6b8,0x0000000084000000)
 Metaspace       used 34218K, capacity 35252K, committed 35416K, reserved 1081344K
  class space    used 4269K, capacity 4494K, committed 4608K, reserved 1048576K
Event: 20.433 GC heap after
Heap after GC invocations=11 (full 1):
 PSYoungGen      total 258048K, used 8188K [0x00000000d5c00000, 0x00000000e6f00000, 0x0000000100000000)
  eden space 249856K, 0% used [0x00000000d5c00000,0x00000000d5c00000,0x00000000e5000000)
  from space 8192K, 99% used [0x00000000e6700000,0x00000000e6eff180,0x00000000e6f00000)
  to   space 10752K, 0% used [0x00000000e5a00000,0x00000000e5a00000,0x00000000e6480000)
 ParOldGen       total 45056K, used 11145K [0x0000000081400000, 0x0000000084000000, 0x00000000d5c00000)
  object space 45056K, 24% used [0x0000000081400000,0x0000000081ee27c8,0x0000000084000000)
 Metaspace       used 34218K, capacity 35252K, committed 35416K, reserved 1081344K
  class space    used 4269K, capacity 4494K, committed 4608K, reserved 1048576K
}
Event: 20.433 GC heap before
{Heap before GC invocations=12 (full 2):
 PSYoungGen      total 258048K, used 8188K [0x00000000d5c00000, 0x00000000e6f00000, 0x0000000100000000)
  eden space 249856K, 0% used [0x00000000d5c00000,0x00000000d5c00000,0x00000000e5000000)
  from space 8192K, 99% used [0x00000000e6700000,0x00000000e6eff180,0x00000000e6f00000)
  to   space 10752K, 0% used [0x00000000e5a00000,0x00000000e5a00000,0x00000000e6480000)
 ParOldGen       total 45056K, used 11145K [0x0000000081400000, 0x0000000084000000, 0x00000000d5c00000)
  object space 45056K, 24% used [0x0000000081400000,0x0000000081ee27c8,0x0000000084000000)
 Metaspace       used 34218K, capacity 35252K, committed 35416K, reserved 1081344K
  class space    used 4269K, capacity 4494K, committed 4608K, reserved 1048576K
Event: 20.531 GC heap after
Heap after GC invocations=12 (full 2):
 PSYoungGen      total 258048K, used 0K [0x00000000d5c00000, 0x00000000e6f00000, 0x0000000100000000)
  eden space 249856K, 0% used [0x00000000d5c00000,0x00000000d5c00000,0x00000000e5000000)
  from space 8192K, 0% used [0x00000000e6700000,0x00000000e6700000,0x00000000e6f00000)
  to   space 10752K, 0% used [0x00000000e5a00000,0x00000000e5a00000,0x00000000e6480000)
 ParOldGen       total 64000K, used 16938K [0x0000000081400000, 0x0000000085280000, 0x00000000d5c00000)
  object space 64000K, 26% used [0x0000000081400000,0x000000008248a9b8,0x0000000085280000)
 Metaspace       used 34218K, capacity 35252K, committed 35416K, reserved 1081344K
  class space    used 4269K, capacity 4494K, committed 4608K, reserved 1048576K
}
Event: 26.358 GC heap before
{Heap before GC invocations=13 (full 2):
 PSYoungGen      total 258048K, used 249856K [0x00000000d5c00000, 0x00000000e6f00000, 0x0000000100000000)
  eden space 249856K, 100% used [0x00000000d5c00000,0x00000000e5000000,0x00000000e5000000)
  from space 8192K, 0% used [0x00000000e6700000,0x00000000e6700000,0x00000000e6f00000)
  to   space 10752K, 0% used [0x00000000e5a00000,0x00000000e5a00000,0x00000000e6480000)
 ParOldGen       total 64000K, used 16938K [0x0000000081400000, 0x0000000085280000, 0x00000000d5c00000)
  object space 64000K, 26% used [0x0000000081400000,0x000000008248a9b8,0x0000000085280000)
 Metaspace       used 42702K, capacity 44292K, committed 44544K, reserved 1087488K
  class space    used 5262K, capacity 5548K, committed 5632K, reserved 1048576K
Event: 26.375 GC heap after
Heap after GC invocations=13 (full 2):
 PSYoungGen      total 260608K, used 10747K [0x00000000d5c00000, 0x00000000e6f00000, 0x0000000100000000)
  eden space 249856K, 0% used [0x00000000d5c00000,0x00000000d5c00000,0x00000000e5000000)
  from space 10752K, 99% used [0x00000000e5a00000,0x00000000e647ecb8,0x00000000e6480000)
  to   space 8192K, 0% used [0x00000000e6700000,0x00000000e6700000,0x00000000e6f00000)
 ParOldGen       total 64000K, used 18177K [0x0000000081400000, 0x0000000085280000, 0x00000000d5c00000)
  object space 64000K, 28% used [0x0000000081400000,0x00000000825c04a8,0x0000000085280000)
 Metaspace       used 42702K, capacity 44292K, committed 44544K, reserved 1087488K
  class space    used 5262K, capacity 5548K, committed 5632K, reserved 1048576K
}

